{"/home/arttu/devaus/taivuttaja/backend/src/config.ts": {"path":"/home/arttu/devaus/taivuttaja/backend/src/config.ts","statementMap":{"0":{"start":{"line":3,"column":0},"end":{"line":3,"column":16}},"1":{"start":{"line":5,"column":25},"end":{"line":5,"column":46}},"2":{"start":{"line":6,"column":20},"end":{"line":6,"column":44}},"3":{"start":{"line":7,"column":27},"end":{"line":7,"column":50}},"4":{"start":{"line":8,"column":32},"end":{"line":8,"column":60}},"5":{"start":{"line":9,"column":0},"end":{"line":9,"column":41}},"6":{"start":{"line":11,"column":22},"end":{"line":11,"column":40}},"7":{"start":{"line":12,"column":33},"end":{"line":12,"column":45}},"8":{"start":{"line":13,"column":35},"end":{"line":13,"column":36}},"9":{"start":{"line":14,"column":35},"end":{"line":14,"column":37}},"10":{"start":{"line":15,"column":35},"end":{"line":15,"column":36}},"11":{"start":{"line":16,"column":35},"end":{"line":16,"column":37}},"12":{"start":{"line":17,"column":34},"end":{"line":17,"column":35}},"13":{"start":{"line":18,"column":34},"end":{"line":18,"column":36}}},"fnMap":{},"branchMap":{"0":{"loc":{"start":{"line":6,"column":20},"end":{"line":6,"column":44}},"type":"binary-expr","locations":[{"start":{"line":6,"column":20},"end":{"line":6,"column":36}},{"start":{"line":6,"column":40},"end":{"line":6,"column":44}}],"line":6}},"s":{"0":1,"1":1,"2":1,"3":1,"4":1,"5":1,"6":1,"7":1,"8":1,"9":1,"10":1,"11":1,"12":1,"13":1},"f":{},"b":{"0":[1,0]},"_coverageSchema":"1a1c01bbd47fc00a2c39e90264f33305004495a9","hash":"78a2b5a79726187a0f3b2645ba2faf681a5705a7"}
,"/home/arttu/devaus/taivuttaja/backend/src/types.ts": {"path":"/home/arttu/devaus/taivuttaja/backend/src/types.ts","statementMap":{"0":{"start":{"line":34,"column":25},"end":{"line":34,"column":186}},"1":{"start":{"line":39,"column":24},"end":{"line":39,"column":102}},"2":{"start":{"line":74,"column":4},"end":{"line":74,"column":19}},"3":{"start":{"line":75,"column":4},"end":{"line":75,"column":34}}},"fnMap":{"0":{"name":"(anonymous_0)","decl":{"start":{"line":73,"column":2},"end":{"line":73,"column":3}},"loc":{"start":{"line":73,"column":31},"end":{"line":76,"column":3}},"line":73}},"branchMap":{},"s":{"0":1,"1":1,"2":7,"3":7},"f":{"0":7},"b":{},"_coverageSchema":"1a1c01bbd47fc00a2c39e90264f33305004495a9","hash":"b89d7e2a96427e70875a9641b8129dce1fc4031f"}
,"/home/arttu/devaus/taivuttaja/backend/src/models/DoneWord.ts": {"path":"/home/arttu/devaus/taivuttaja/backend/src/models/DoneWord.ts","statementMap":{"0":{"start":{"line":4,"column":23},"end":{"line":8,"column":2}},"1":{"start":{"line":10,"column":29},"end":{"line":10,"column":72}}},"fnMap":{},"branchMap":{},"s":{"0":1,"1":1},"f":{},"b":{},"_coverageSchema":"1a1c01bbd47fc00a2c39e90264f33305004495a9","hash":"54bdc7ac5c1b7d96ec2d832e93779ce5c2bbf0e3"}
,"/home/arttu/devaus/taivuttaja/backend/src/models/User.ts": {"path":"/home/arttu/devaus/taivuttaja/backend/src/models/User.ts","statementMap":{"0":{"start":{"line":13,"column":19},"end":{"line":18,"column":2}},"1":{"start":{"line":20,"column":25},"end":{"line":20,"column":56}}},"fnMap":{},"branchMap":{},"s":{"0":1,"1":1},"f":{},"b":{},"_coverageSchema":"1a1c01bbd47fc00a2c39e90264f33305004495a9","hash":"91bc334240d4288baa244d9bd5bd6be49a980ca7"}
,"/home/arttu/devaus/taivuttaja/backend/src/models/Wordlist.ts": {"path":"/home/arttu/devaus/taivuttaja/backend/src/models/Wordlist.ts","statementMap":{"0":{"start":{"line":4,"column":23},"end":{"line":8,"column":2}},"1":{"start":{"line":10,"column":29},"end":{"line":10,"column":72}}},"fnMap":{},"branchMap":{},"s":{"0":1,"1":1},"f":{},"b":{},"_coverageSchema":"1a1c01bbd47fc00a2c39e90264f33305004495a9","hash":"463f11798ae5c681a5e40115a3bca9210ea74f4c"}
,"/home/arttu/devaus/taivuttaja/backend/src/services/user.ts": {"path":"/home/arttu/devaus/taivuttaja/backend/src/services/user.ts","statementMap":{"0":{"start":{"line":14,"column":27},"end":{"line":16,"column":1}},"1":{"start":{"line":15,"column":2},"end":{"line":15,"column":41}},"2":{"start":{"line":18,"column":22},"end":{"line":27,"column":1}},"3":{"start":{"line":19,"column":2},"end":{"line":21,"column":3}},"4":{"start":{"line":20,"column":4},"end":{"line":20,"column":64}},"5":{"start":{"line":22,"column":2},"end":{"line":25,"column":3}},"6":{"start":{"line":24,"column":4},"end":{"line":24,"column":125}},"7":{"start":{"line":26,"column":2},"end":{"line":26,"column":18}},"8":{"start":{"line":29,"column":22},"end":{"line":38,"column":1}},"9":{"start":{"line":30,"column":2},"end":{"line":32,"column":3}},"10":{"start":{"line":31,"column":4},"end":{"line":31,"column":64}},"11":{"start":{"line":33,"column":2},"end":{"line":36,"column":3}},"12":{"start":{"line":35,"column":4},"end":{"line":35,"column":125}},"13":{"start":{"line":37,"column":2},"end":{"line":37,"column":18}},"14":{"start":{"line":40,"column":18},"end":{"line":47,"column":1}},"15":{"start":{"line":41,"column":27},"end":{"line":45,"column":3}},"16":{"start":{"line":46,"column":2},"end":{"line":46,"column":17}},"17":{"start":{"line":49,"column":19},"end":{"line":56,"column":1}},"18":{"start":{"line":50,"column":18},"end":{"line":50,"column":53}},"19":{"start":{"line":52,"column":18},"end":{"line":52,"column":40}},"20":{"start":{"line":54,"column":2},"end":{"line":54,"column":23}},"21":{"start":{"line":58,"column":17},"end":{"line":79,"column":1}},"22":{"start":{"line":59,"column":19},"end":{"line":59,"column":45}},"23":{"start":{"line":60,"column":19},"end":{"line":60,"column":45}},"24":{"start":{"line":61,"column":15},"end":{"line":61,"column":52}},"25":{"start":{"line":62,"column":2},"end":{"line":64,"column":3}},"26":{"start":{"line":63,"column":4},"end":{"line":63,"column":38}},"27":{"start":{"line":65,"column":2},"end":{"line":67,"column":3}},"28":{"start":{"line":66,"column":4},"end":{"line":66,"column":62}},"29":{"start":{"line":69,"column":17},"end":{"line":69,"column":62}},"30":{"start":{"line":70,"column":2},"end":{"line":72,"column":3}},"31":{"start":{"line":71,"column":4},"end":{"line":71,"column":40}},"32":{"start":{"line":74,"column":23},"end":{"line":74,"column":64}},"33":{"start":{"line":75,"column":16},"end":{"line":75,"column":90}},"34":{"start":{"line":76,"column":26},"end":{"line":76,"column":126}},"35":{"start":{"line":77,"column":2},"end":{"line":77,"column":19}},"36":{"start":{"line":81,"column":14},"end":{"line":86,"column":1}},"37":{"start":{"line":82,"column":23},"end":{"line":82,"column":64}},"38":{"start":{"line":83,"column":16},"end":{"line":83,"column":90}},"39":{"start":{"line":84,"column":2},"end":{"line":84,"column":21}},"40":{"start":{"line":85,"column":2},"end":{"line":85,"column":14}},"41":{"start":{"line":88,"column":19},"end":{"line":98,"column":1}},"42":{"start":{"line":90,"column":2},"end":{"line":90,"column":54}},"43":{"start":{"line":92,"column":17},"end":{"line":92,"column":63}},"44":{"start":{"line":94,"column":2},"end":{"line":96,"column":3}},"45":{"start":{"line":95,"column":4},"end":{"line":95,"column":48}},"46":{"start":{"line":100,"column":20},"end":{"line":111,"column":1}},"47":{"start":{"line":101,"column":2},"end":{"line":103,"column":3}},"48":{"start":{"line":102,"column":4},"end":{"line":102,"column":48}},"49":{"start":{"line":105,"column":22},"end":{"line":105,"column":91}},"50":{"start":{"line":107,"column":17},"end":{"line":107,"column":41}},"51":{"start":{"line":108,"column":2},"end":{"line":110,"column":3}},"52":{"start":{"line":109,"column":4},"end":{"line":109,"column":47}},"53":{"start":{"line":113,"column":21},"end":{"line":122,"column":1}},"54":{"start":{"line":115,"column":17},"end":{"line":115,"column":103}},"55":{"start":{"line":117,"column":2},"end":{"line":119,"column":3}},"56":{"start":{"line":118,"column":4},"end":{"line":118,"column":48}},"57":{"start":{"line":121,"column":2},"end":{"line":121,"column":16}},"58":{"start":{"line":124,"column":16},"end":{"line":130,"column":1}},"59":{"start":{"line":125,"column":2},"end":{"line":127,"column":3}},"60":{"start":{"line":126,"column":4},"end":{"line":126,"column":56}},"61":{"start":{"line":128,"column":17},"end":{"line":128,"column":71}},"62":{"start":{"line":129,"column":2},"end":{"line":129,"column":16}},"63":{"start":{"line":132,"column":23},"end":{"line":151,"column":1}},"64":{"start":{"line":133,"column":22},"end":{"line":133,"column":77}},"65":{"start":{"line":134,"column":22},"end":{"line":134,"column":51}},"66":{"start":{"line":136,"column":17},"end":{"line":136,"column":57}},"67":{"start":{"line":138,"column":2},"end":{"line":140,"column":3}},"68":{"start":{"line":139,"column":4},"end":{"line":139,"column":38}},"69":{"start":{"line":142,"column":26},"end":{"line":142,"column":76}},"70":{"start":{"line":143,"column":2},"end":{"line":145,"column":3}},"71":{"start":{"line":144,"column":4},"end":{"line":144,"column":40}},"72":{"start":{"line":146,"column":17},"end":{"line":146,"column":88}},"73":{"start":{"line":147,"column":2},"end":{"line":149,"column":3}},"74":{"start":{"line":148,"column":4},"end":{"line":148,"column":16}},"75":{"start":{"line":150,"column":2},"end":{"line":150,"column":15}},"76":{"start":{"line":153,"column":25},"end":{"line":159,"column":1}},"77":{"start":{"line":154,"column":2},"end":{"line":156,"column":3}},"78":{"start":{"line":155,"column":4},"end":{"line":155,"column":74}},"79":{"start":{"line":157,"column":17},"end":{"line":157,"column":79}},"80":{"start":{"line":158,"column":2},"end":{"line":158,"column":16}},"81":{"start":{"line":173,"column":20},"end":{"line":177,"column":1}}},"fnMap":{"0":{"name":"(anonymous_0)","decl":{"start":{"line":14,"column":27},"end":{"line":14,"column":28}},"loc":{"start":{"line":14,"column":55},"end":{"line":16,"column":1}},"line":14},"1":{"name":"(anonymous_1)","decl":{"start":{"line":18,"column":22},"end":{"line":18,"column":23}},"loc":{"start":{"line":18,"column":41},"end":{"line":27,"column":1}},"line":18},"2":{"name":"(anonymous_2)","decl":{"start":{"line":29,"column":22},"end":{"line":29,"column":23}},"loc":{"start":{"line":29,"column":41},"end":{"line":38,"column":1}},"line":29},"3":{"name":"(anonymous_3)","decl":{"start":{"line":40,"column":18},"end":{"line":40,"column":19}},"loc":{"start":{"line":40,"column":84},"end":{"line":47,"column":1}},"line":40},"4":{"name":"(anonymous_4)","decl":{"start":{"line":49,"column":19},"end":{"line":49,"column":20}},"loc":{"start":{"line":49,"column":67},"end":{"line":56,"column":1}},"line":49},"5":{"name":"(anonymous_5)","decl":{"start":{"line":58,"column":17},"end":{"line":58,"column":18}},"loc":{"start":{"line":58,"column":86},"end":{"line":79,"column":1}},"line":58},"6":{"name":"(anonymous_6)","decl":{"start":{"line":81,"column":14},"end":{"line":81,"column":15}},"loc":{"start":{"line":81,"column":30},"end":{"line":86,"column":1}},"line":81},"7":{"name":"(anonymous_7)","decl":{"start":{"line":88,"column":19},"end":{"line":88,"column":20}},"loc":{"start":{"line":88,"column":41},"end":{"line":98,"column":1}},"line":88},"8":{"name":"(anonymous_8)","decl":{"start":{"line":100,"column":20},"end":{"line":100,"column":21}},"loc":{"start":{"line":100,"column":59},"end":{"line":111,"column":1}},"line":100},"9":{"name":"(anonymous_9)","decl":{"start":{"line":113,"column":21},"end":{"line":113,"column":22}},"loc":{"start":{"line":113,"column":43},"end":{"line":122,"column":1}},"line":113},"10":{"name":"(anonymous_10)","decl":{"start":{"line":124,"column":16},"end":{"line":124,"column":17}},"loc":{"start":{"line":124,"column":53},"end":{"line":130,"column":1}},"line":124},"11":{"name":"(anonymous_11)","decl":{"start":{"line":132,"column":23},"end":{"line":132,"column":24}},"loc":{"start":{"line":132,"column":95},"end":{"line":151,"column":1}},"line":132},"12":{"name":"(anonymous_12)","decl":{"start":{"line":153,"column":25},"end":{"line":153,"column":26}},"loc":{"start":{"line":153,"column":71},"end":{"line":159,"column":1}},"line":153}},"branchMap":{"0":{"loc":{"start":{"line":19,"column":2},"end":{"line":21,"column":3}},"type":"if","locations":[{"start":{"line":19,"column":2},"end":{"line":21,"column":3}},{"start":{},"end":{}}],"line":19},"1":{"loc":{"start":{"line":19,"column":6},"end":{"line":19,"column":38}},"type":"binary-expr","locations":[{"start":{"line":19,"column":6},"end":{"line":19,"column":15}},{"start":{"line":19,"column":19},"end":{"line":19,"column":38}}],"line":19},"2":{"loc":{"start":{"line":22,"column":2},"end":{"line":25,"column":3}},"type":"if","locations":[{"start":{"line":22,"column":2},"end":{"line":25,"column":3}},{"start":{},"end":{}}],"line":22},"3":{"loc":{"start":{"line":22,"column":6},"end":{"line":23,"column":41}},"type":"binary-expr","locations":[{"start":{"line":22,"column":6},"end":{"line":22,"column":43}},{"start":{"line":23,"column":4},"end":{"line":23,"column":41}}],"line":22},"4":{"loc":{"start":{"line":30,"column":2},"end":{"line":32,"column":3}},"type":"if","locations":[{"start":{"line":30,"column":2},"end":{"line":32,"column":3}},{"start":{},"end":{}}],"line":30},"5":{"loc":{"start":{"line":30,"column":6},"end":{"line":30,"column":38}},"type":"binary-expr","locations":[{"start":{"line":30,"column":6},"end":{"line":30,"column":15}},{"start":{"line":30,"column":19},"end":{"line":30,"column":38}}],"line":30},"6":{"loc":{"start":{"line":33,"column":2},"end":{"line":36,"column":3}},"type":"if","locations":[{"start":{"line":33,"column":2},"end":{"line":36,"column":3}},{"start":{},"end":{}}],"line":33},"7":{"loc":{"start":{"line":33,"column":6},"end":{"line":34,"column":41}},"type":"binary-expr","locations":[{"start":{"line":33,"column":6},"end":{"line":33,"column":43}},{"start":{"line":34,"column":4},"end":{"line":34,"column":41}}],"line":33},"8":{"loc":{"start":{"line":62,"column":2},"end":{"line":64,"column":3}},"type":"if","locations":[{"start":{"line":62,"column":2},"end":{"line":64,"column":3}},{"start":{},"end":{}}],"line":62},"9":{"loc":{"start":{"line":65,"column":2},"end":{"line":67,"column":3}},"type":"if","locations":[{"start":{"line":65,"column":2},"end":{"line":67,"column":3}},{"start":{},"end":{}}],"line":65},"10":{"loc":{"start":{"line":70,"column":2},"end":{"line":72,"column":3}},"type":"if","locations":[{"start":{"line":70,"column":2},"end":{"line":72,"column":3}},{"start":{},"end":{}}],"line":70},"11":{"loc":{"start":{"line":94,"column":2},"end":{"line":96,"column":3}},"type":"if","locations":[{"start":{"line":94,"column":2},"end":{"line":96,"column":3}},{"start":{},"end":{}}],"line":94},"12":{"loc":{"start":{"line":101,"column":2},"end":{"line":103,"column":3}},"type":"if","locations":[{"start":{"line":101,"column":2},"end":{"line":103,"column":3}},{"start":{},"end":{}}],"line":101},"13":{"loc":{"start":{"line":108,"column":2},"end":{"line":110,"column":3}},"type":"if","locations":[{"start":{"line":108,"column":2},"end":{"line":110,"column":3}},{"start":{},"end":{}}],"line":108},"14":{"loc":{"start":{"line":117,"column":2},"end":{"line":119,"column":3}},"type":"if","locations":[{"start":{"line":117,"column":2},"end":{"line":119,"column":3}},{"start":{},"end":{}}],"line":117},"15":{"loc":{"start":{"line":125,"column":2},"end":{"line":127,"column":3}},"type":"if","locations":[{"start":{"line":125,"column":2},"end":{"line":127,"column":3}},{"start":{},"end":{}}],"line":125},"16":{"loc":{"start":{"line":138,"column":2},"end":{"line":140,"column":3}},"type":"if","locations":[{"start":{"line":138,"column":2},"end":{"line":140,"column":3}},{"start":{},"end":{}}],"line":138},"17":{"loc":{"start":{"line":138,"column":6},"end":{"line":138,"column":33}},"type":"binary-expr","locations":[{"start":{"line":138,"column":6},"end":{"line":138,"column":13}},{"start":{"line":138,"column":17},"end":{"line":138,"column":33}}],"line":138},"18":{"loc":{"start":{"line":143,"column":2},"end":{"line":145,"column":3}},"type":"if","locations":[{"start":{"line":143,"column":2},"end":{"line":145,"column":3}},{"start":{},"end":{}}],"line":143},"19":{"loc":{"start":{"line":147,"column":2},"end":{"line":149,"column":3}},"type":"if","locations":[{"start":{"line":147,"column":2},"end":{"line":149,"column":3}},{"start":{},"end":{}}],"line":147},"20":{"loc":{"start":{"line":154,"column":2},"end":{"line":156,"column":3}},"type":"if","locations":[{"start":{"line":154,"column":2},"end":{"line":156,"column":3}},{"start":{},"end":{}}],"line":154}},"s":{"0":1,"1":1,"2":1,"3":5,"4":1,"5":4,"6":2,"7":2,"8":1,"9":6,"10":1,"11":5,"12":3,"13":2,"14":1,"15":2,"16":0,"17":1,"18":0,"19":0,"20":0,"21":1,"22":0,"23":0,"24":0,"25":0,"26":0,"27":0,"28":0,"29":0,"30":0,"31":0,"32":0,"33":0,"34":0,"35":0,"36":1,"37":0,"38":0,"39":0,"40":0,"41":1,"42":0,"43":0,"44":0,"45":0,"46":1,"47":0,"48":0,"49":0,"50":0,"51":0,"52":0,"53":1,"54":0,"55":0,"56":0,"57":0,"58":1,"59":0,"60":0,"61":0,"62":0,"63":1,"64":0,"65":0,"66":0,"67":0,"68":0,"69":0,"70":0,"71":0,"72":0,"73":0,"74":0,"75":0,"76":1,"77":0,"78":0,"79":0,"80":0,"81":1},"f":{"0":1,"1":5,"2":6,"3":2,"4":0,"5":0,"6":0,"7":0,"8":0,"9":0,"10":0,"11":0,"12":0},"b":{"0":[1,4],"1":[5,5],"2":[2,2],"3":[4,3],"4":[1,5],"5":[6,6],"6":[3,2],"7":[5,3],"8":[0,0],"9":[0,0],"10":[0,0],"11":[0,0],"12":[0,0],"13":[0,0],"14":[0,0],"15":[0,0],"16":[0,0],"17":[0,0],"18":[0,0],"19":[0,0],"20":[0,0]},"_coverageSchema":"1a1c01bbd47fc00a2c39e90264f33305004495a9","hash":"b1523b41963685ba824cb41cc2a50a5986dd377a"}
,"/home/arttu/devaus/taivuttaja/backend/src/utils/validators.ts": {"path":"/home/arttu/devaus/taivuttaja/backend/src/utils/validators.ts","statementMap":{"0":{"start":{"line":3,"column":24},"end":{"line":5,"column":1}},"1":{"start":{"line":4,"column":2},"end":{"line":4,"column":60}},"2":{"start":{"line":7,"column":25},"end":{"line":9,"column":1}},"3":{"start":{"line":8,"column":2},"end":{"line":8,"column":38}},"4":{"start":{"line":13,"column":23},"end":{"line":15,"column":1}},"5":{"start":{"line":14,"column":2},"end":{"line":14,"column":52}},"6":{"start":{"line":17,"column":22},"end":{"line":19,"column":1}},"7":{"start":{"line":18,"column":2},"end":{"line":18,"column":51}},"8":{"start":{"line":21,"column":26},"end":{"line":23,"column":1}},"9":{"start":{"line":22,"column":2},"end":{"line":22,"column":82}}},"fnMap":{"0":{"name":"(anonymous_0)","decl":{"start":{"line":3,"column":24},"end":{"line":3,"column":25}},"loc":{"start":{"line":3,"column":59},"end":{"line":5,"column":1}},"line":3},"1":{"name":"(anonymous_1)","decl":{"start":{"line":7,"column":25},"end":{"line":7,"column":26}},"loc":{"start":{"line":7,"column":69},"end":{"line":9,"column":1}},"line":7},"2":{"name":"(anonymous_2)","decl":{"start":{"line":13,"column":23},"end":{"line":13,"column":24}},"loc":{"start":{"line":13,"column":57},"end":{"line":15,"column":1}},"line":13},"3":{"name":"(anonymous_3)","decl":{"start":{"line":17,"column":22},"end":{"line":17,"column":23}},"loc":{"start":{"line":17,"column":55},"end":{"line":19,"column":1}},"line":17},"4":{"name":"(anonymous_4)","decl":{"start":{"line":21,"column":26},"end":{"line":21,"column":27}},"loc":{"start":{"line":21,"column":63},"end":{"line":23,"column":1}},"line":21}},"branchMap":{"0":{"loc":{"start":{"line":4,"column":9},"end":{"line":4,"column":59}},"type":"binary-expr","locations":[{"start":{"line":4,"column":9},"end":{"line":4,"column":33}},{"start":{"line":4,"column":37},"end":{"line":4,"column":59}}],"line":4},"1":{"loc":{"start":{"line":14,"column":9},"end":{"line":14,"column":51}},"type":"binary-expr","locations":[{"start":{"line":14,"column":9},"end":{"line":14,"column":23}},{"start":{"line":14,"column":27},"end":{"line":14,"column":51}}],"line":14},"2":{"loc":{"start":{"line":18,"column":9},"end":{"line":18,"column":50}},"type":"binary-expr","locations":[{"start":{"line":18,"column":9},"end":{"line":18,"column":23}},{"start":{"line":18,"column":27},"end":{"line":18,"column":50}}],"line":18},"3":{"loc":{"start":{"line":22,"column":9},"end":{"line":22,"column":81}},"type":"binary-expr","locations":[{"start":{"line":22,"column":9},"end":{"line":22,"column":23}},{"start":{"line":22,"column":27},"end":{"line":22,"column":52}},{"start":{"line":22,"column":56},"end":{"line":22,"column":81}}],"line":22}},"s":{"0":1,"1":11,"2":1,"3":0,"4":1,"5":0,"6":1,"7":0,"8":1,"9":0},"f":{"0":11,"1":0,"2":0,"3":0,"4":0},"b":{"0":[11,2],"1":[0,0],"2":[0,0],"3":[0,0,0]},"_coverageSchema":"1a1c01bbd47fc00a2c39e90264f33305004495a9","hash":"e0e7b6fd0cdfffcb0eb143412e2db59821837aa8"}
}
