{"/home/arttu/devaus/taivuttaja/backend/src/app.ts": {"path":"/home/arttu/devaus/taivuttaja/backend/src/app.ts","statementMap":{"0":{"start":{"line":11,"column":0},"end":{"line":11,"column":32}},"1":{"start":{"line":14,"column":12},"end":{"line":14,"column":21}},"2":{"start":{"line":16,"column":0},"end":{"line":16,"column":24}},"3":{"start":{"line":17,"column":0},"end":{"line":17,"column":33}},"4":{"start":{"line":18,"column":0},"end":{"line":18,"column":27}},"5":{"start":{"line":19,"column":0},"end":{"line":19,"column":35}},"6":{"start":{"line":21,"column":0},"end":{"line":25,"column":1}},"7":{"start":{"line":22,"column":2},"end":{"line":22,"column":38}},"8":{"start":{"line":24,"column":2},"end":{"line":24,"column":40}},"9":{"start":{"line":27,"column":18},"end":{"line":27,"column":80}},"10":{"start":{"line":28,"column":0},"end":{"line":34,"column":5}},"11":{"start":{"line":31,"column":4},"end":{"line":31,"column":41}},"12":{"start":{"line":33,"column":4},"end":{"line":33,"column":65}},"13":{"start":{"line":37,"column":23},"end":{"line":37,"column":48}},"14":{"start":{"line":39,"column":34},"end":{"line":41,"column":1}},"15":{"start":{"line":43,"column":0},"end":{"line":43,"column":23}},"16":{"start":{"line":46,"column":0},"end":{"line":46,"column":35}},"17":{"start":{"line":47,"column":0},"end":{"line":47,"column":33}},"18":{"start":{"line":48,"column":0},"end":{"line":48,"column":43}},"19":{"start":{"line":49,"column":0},"end":{"line":51,"column":3}},"20":{"start":{"line":50,"column":2},"end":{"line":50,"column":17}},"21":{"start":{"line":52,"column":0},"end":{"line":59,"column":3}},"22":{"start":{"line":53,"column":2},"end":{"line":55,"column":3}},"23":{"start":{"line":54,"column":4},"end":{"line":54,"column":34}},"24":{"start":{"line":56,"column":2},"end":{"line":56,"column":33}},"25":{"start":{"line":57,"column":2},"end":{"line":57,"column":31}},"26":{"start":{"line":58,"column":2},"end":{"line":58,"column":17}},"27":{"start":{"line":60,"column":0},"end":{"line":60,"column":36}},"28":{"start":{"line":61,"column":0},"end":{"line":61,"column":33}},"29":{"start":{"line":63,"column":0},"end":{"line":63,"column":21}}},"fnMap":{"0":{"name":"(anonymous_0)","decl":{"start":{"line":30,"column":11},"end":{"line":30,"column":12}},"loc":{"start":{"line":30,"column":17},"end":{"line":32,"column":3}},"line":30},"1":{"name":"(anonymous_1)","decl":{"start":{"line":32,"column":11},"end":{"line":32,"column":12}},"loc":{"start":{"line":32,"column":22},"end":{"line":34,"column":3}},"line":32},"2":{"name":"(anonymous_2)","decl":{"start":{"line":49,"column":19},"end":{"line":49,"column":20}},"loc":{"start":{"line":49,"column":34},"end":{"line":51,"column":1}},"line":49},"3":{"name":"(anonymous_3)","decl":{"start":{"line":52,"column":31},"end":{"line":52,"column":32}},"loc":{"start":{"line":52,"column":52},"end":{"line":59,"column":1}},"line":52}},"branchMap":{"0":{"loc":{"start":{"line":21,"column":0},"end":{"line":25,"column":1}},"type":"if","locations":[{"start":{"line":21,"column":0},"end":{"line":25,"column":1}},{"start":{"line":23,"column":7},"end":{"line":25,"column":1}}],"line":21},"1":{"loc":{"start":{"line":27,"column":18},"end":{"line":27,"column":80}},"type":"cond-expr","locations":[{"start":{"line":27,"column":30},"end":{"line":27,"column":56}},{"start":{"line":27,"column":59},"end":{"line":27,"column":80}}],"line":27},"2":{"loc":{"start":{"line":53,"column":2},"end":{"line":55,"column":3}},"type":"if","locations":[{"start":{"line":53,"column":2},"end":{"line":55,"column":3}},{"start":{},"end":{}}],"line":53}},"s":{"0":1,"1":1,"2":1,"3":1,"4":1,"5":1,"6":1,"7":0,"8":1,"9":1,"10":1,"11":1,"12":0,"13":1,"14":1,"15":1,"16":1,"17":1,"18":1,"19":1,"20":0,"21":1,"22":0,"23":0,"24":0,"25":0,"26":0,"27":1,"28":1,"29":1},"f":{"0":1,"1":0,"2":0,"3":0},"b":{"0":[0,1],"1":[0,1],"2":[0,0]},"_coverageSchema":"1a1c01bbd47fc00a2c39e90264f33305004495a9","hash":"59dfc6b651eba144a580eeb3537a944d69efd718"}
,"/home/arttu/devaus/taivuttaja/backend/src/config.ts": {"path":"/home/arttu/devaus/taivuttaja/backend/src/config.ts","statementMap":{"0":{"start":{"line":3,"column":0},"end":{"line":3,"column":16}},"1":{"start":{"line":5,"column":25},"end":{"line":5,"column":46}},"2":{"start":{"line":6,"column":20},"end":{"line":6,"column":44}},"3":{"start":{"line":7,"column":27},"end":{"line":7,"column":50}},"4":{"start":{"line":8,"column":32},"end":{"line":8,"column":60}},"5":{"start":{"line":9,"column":22},"end":{"line":9,"column":40}},"6":{"start":{"line":10,"column":33},"end":{"line":10,"column":45}},"7":{"start":{"line":11,"column":35},"end":{"line":11,"column":36}},"8":{"start":{"line":12,"column":35},"end":{"line":12,"column":37}},"9":{"start":{"line":13,"column":35},"end":{"line":13,"column":36}},"10":{"start":{"line":14,"column":35},"end":{"line":14,"column":37}},"11":{"start":{"line":15,"column":34},"end":{"line":15,"column":35}},"12":{"start":{"line":16,"column":34},"end":{"line":16,"column":36}}},"fnMap":{},"branchMap":{"0":{"loc":{"start":{"line":6,"column":20},"end":{"line":6,"column":44}},"type":"binary-expr","locations":[{"start":{"line":6,"column":20},"end":{"line":6,"column":36}},{"start":{"line":6,"column":40},"end":{"line":6,"column":44}}],"line":6}},"s":{"0":2,"1":2,"2":2,"3":2,"4":2,"5":2,"6":2,"7":2,"8":2,"9":2,"10":2,"11":2,"12":2},"f":{},"b":{"0":[2,0]},"_coverageSchema":"1a1c01bbd47fc00a2c39e90264f33305004495a9","hash":"ca4eebb6a4155ec29dc3f936937c9311cab8b705"}
,"/home/arttu/devaus/taivuttaja/backend/src/middleware.ts": {"path":"/home/arttu/devaus/taivuttaja/backend/src/middleware.ts","statementMap":{"0":{"start":{"line":25,"column":15},"end":{"line":31,"column":1}},"1":{"start":{"line":26,"column":2},"end":{"line":26,"column":52}},"2":{"start":{"line":27,"column":2},"end":{"line":29,"column":3}},"3":{"start":{"line":28,"column":4},"end":{"line":28,"column":30}},"4":{"start":{"line":30,"column":2},"end":{"line":30,"column":14}},"5":{"start":{"line":33,"column":23},"end":{"line":41,"column":1}},"6":{"start":{"line":34,"column":24},"end":{"line":34,"column":52}},"7":{"start":{"line":35,"column":2},"end":{"line":37,"column":11}},"8":{"start":{"line":39,"column":2},"end":{"line":39,"column":14}},"9":{"start":{"line":43,"column":22},"end":{"line":66,"column":1}},"10":{"start":{"line":45,"column":2},"end":{"line":47,"column":3}},"11":{"start":{"line":46,"column":4},"end":{"line":46,"column":49}},"12":{"start":{"line":49,"column":2},"end":{"line":64,"column":5}},"13":{"start":{"line":50,"column":4},"end":{"line":52,"column":5}},"14":{"start":{"line":51,"column":6},"end":{"line":51,"column":55}},"15":{"start":{"line":53,"column":15},"end":{"line":53,"column":45}},"16":{"start":{"line":55,"column":4},"end":{"line":62,"column":101}},"17":{"start":{"line":56,"column":6},"end":{"line":61,"column":7}},"18":{"start":{"line":57,"column":8},"end":{"line":57,"column":28}},"19":{"start":{"line":58,"column":8},"end":{"line":58,"column":22}},"20":{"start":{"line":60,"column":8},"end":{"line":60,"column":53}},"21":{"start":{"line":62,"column":19},"end":{"line":62,"column":99}},"22":{"start":{"line":63,"column":4},"end":{"line":63,"column":11}},"23":{"start":{"line":65,"column":2},"end":{"line":65,"column":9}},"24":{"start":{"line":68,"column":21},"end":{"line":89,"column":1}},"25":{"start":{"line":69,"column":2},"end":{"line":69,"column":38}},"26":{"start":{"line":71,"column":2},"end":{"line":85,"column":3}},"27":{"start":{"line":72,"column":4},"end":{"line":72,"column":59}},"28":{"start":{"line":73,"column":9},"end":{"line":85,"column":3}},"29":{"start":{"line":74,"column":4},"end":{"line":74,"column":58}},"30":{"start":{"line":75,"column":9},"end":{"line":85,"column":3}},"31":{"start":{"line":76,"column":4},"end":{"line":76,"column":100}},"32":{"start":{"line":77,"column":9},"end":{"line":85,"column":3}},"33":{"start":{"line":78,"column":4},"end":{"line":78,"column":62}},"34":{"start":{"line":79,"column":9},"end":{"line":85,"column":3}},"35":{"start":{"line":80,"column":23},"end":{"line":80,"column":46}},"36":{"start":{"line":81,"column":4},"end":{"line":83,"column":5}},"37":{"start":{"line":82,"column":6},"end":{"line":82,"column":74}},"38":{"start":{"line":84,"column":4},"end":{"line":84,"column":66}},"39":{"start":{"line":87,"column":2},"end":{"line":87,"column":56}},"40":{"start":{"line":91,"column":24},"end":{"line":93,"column":1}},"41":{"start":{"line":92,"column":2},"end":{"line":92,"column":54}}},"fnMap":{"0":{"name":"(anonymous_0)","decl":{"start":{"line":25,"column":15},"end":{"line":25,"column":16}},"loc":{"start":{"line":25,"column":86},"end":{"line":31,"column":1}},"line":25},"1":{"name":"(anonymous_1)","decl":{"start":{"line":33,"column":23},"end":{"line":33,"column":24}},"loc":{"start":{"line":33,"column":94},"end":{"line":41,"column":1}},"line":33},"2":{"name":"(anonymous_2)","decl":{"start":{"line":43,"column":22},"end":{"line":43,"column":23}},"loc":{"start":{"line":43,"column":92},"end":{"line":66,"column":1}},"line":43},"3":{"name":"(anonymous_3)","decl":{"start":{"line":49,"column":46},"end":{"line":49,"column":47}},"loc":{"start":{"line":49,"column":65},"end":{"line":64,"column":3}},"line":49},"4":{"name":"(anonymous_4)","decl":{"start":{"line":55,"column":32},"end":{"line":55,"column":33}},"loc":{"start":{"line":55,"column":40},"end":{"line":62,"column":5}},"line":55},"5":{"name":"(anonymous_5)","decl":{"start":{"line":62,"column":13},"end":{"line":62,"column":14}},"loc":{"start":{"line":62,"column":19},"end":{"line":62,"column":99}},"line":62},"6":{"name":"(anonymous_6)","decl":{"start":{"line":68,"column":21},"end":{"line":68,"column":22}},"loc":{"start":{"line":68,"column":96},"end":{"line":89,"column":1}},"line":68},"7":{"name":"(anonymous_7)","decl":{"start":{"line":91,"column":24},"end":{"line":91,"column":25}},"loc":{"start":{"line":91,"column":74},"end":{"line":93,"column":1}},"line":91}},"branchMap":{"0":{"loc":{"start":{"line":27,"column":2},"end":{"line":29,"column":3}},"type":"if","locations":[{"start":{"line":27,"column":2},"end":{"line":29,"column":3}},{"start":{},"end":{}}],"line":27},"1":{"loc":{"start":{"line":35,"column":18},"end":{"line":37,"column":10}},"type":"cond-expr","locations":[{"start":{"line":36,"column":6},"end":{"line":36,"column":32}},{"start":{"line":37,"column":6},"end":{"line":37,"column":10}}],"line":35},"2":{"loc":{"start":{"line":35,"column":19},"end":{"line":35,"column":85}},"type":"binary-expr","locations":[{"start":{"line":35,"column":19},"end":{"line":35,"column":32}},{"start":{"line":35,"column":36},"end":{"line":35,"column":85}}],"line":35},"3":{"loc":{"start":{"line":45,"column":2},"end":{"line":47,"column":3}},"type":"if","locations":[{"start":{"line":45,"column":2},"end":{"line":47,"column":3}},{"start":{},"end":{}}],"line":45},"4":{"loc":{"start":{"line":45,"column":6},"end":{"line":45,"column":59}},"type":"binary-expr","locations":[{"start":{"line":45,"column":6},"end":{"line":45,"column":33}},{"start":{"line":45,"column":37},"end":{"line":45,"column":59}}],"line":45},"5":{"loc":{"start":{"line":50,"column":4},"end":{"line":52,"column":5}},"type":"if","locations":[{"start":{"line":50,"column":4},"end":{"line":52,"column":5}},{"start":{},"end":{}}],"line":50},"6":{"loc":{"start":{"line":56,"column":6},"end":{"line":61,"column":7}},"type":"if","locations":[{"start":{"line":56,"column":6},"end":{"line":61,"column":7}},{"start":{"line":59,"column":13},"end":{"line":61,"column":7}}],"line":56},"7":{"loc":{"start":{"line":71,"column":2},"end":{"line":85,"column":3}},"type":"if","locations":[{"start":{"line":71,"column":2},"end":{"line":85,"column":3}},{"start":{"line":73,"column":9},"end":{"line":85,"column":3}}],"line":71},"8":{"loc":{"start":{"line":73,"column":9},"end":{"line":85,"column":3}},"type":"if","locations":[{"start":{"line":73,"column":9},"end":{"line":85,"column":3}},{"start":{"line":75,"column":9},"end":{"line":85,"column":3}}],"line":73},"9":{"loc":{"start":{"line":75,"column":9},"end":{"line":85,"column":3}},"type":"if","locations":[{"start":{"line":75,"column":9},"end":{"line":85,"column":3}},{"start":{"line":77,"column":9},"end":{"line":85,"column":3}}],"line":75},"10":{"loc":{"start":{"line":77,"column":9},"end":{"line":85,"column":3}},"type":"if","locations":[{"start":{"line":77,"column":9},"end":{"line":85,"column":3}},{"start":{"line":79,"column":9},"end":{"line":85,"column":3}}],"line":77},"11":{"loc":{"start":{"line":79,"column":9},"end":{"line":85,"column":3}},"type":"if","locations":[{"start":{"line":79,"column":9},"end":{"line":85,"column":3}},{"start":{},"end":{}}],"line":79},"12":{"loc":{"start":{"line":81,"column":4},"end":{"line":83,"column":5}},"type":"if","locations":[{"start":{"line":81,"column":4},"end":{"line":83,"column":5}},{"start":{},"end":{}}],"line":81}},"s":{"0":1,"1":1,"2":1,"3":0,"4":1,"5":1,"6":1,"7":1,"8":1,"9":1,"10":0,"11":0,"12":0,"13":0,"14":0,"15":0,"16":0,"17":0,"18":0,"19":0,"20":0,"21":0,"22":0,"23":0,"24":1,"25":0,"26":0,"27":0,"28":0,"29":0,"30":0,"31":0,"32":0,"33":0,"34":0,"35":0,"36":0,"37":0,"38":0,"39":0,"40":1,"41":0},"f":{"0":1,"1":1,"2":0,"3":0,"4":0,"5":0,"6":0,"7":0},"b":{"0":[0,1],"1":[0,1],"2":[1,0],"3":[0,0],"4":[0,0],"5":[0,0],"6":[0,0],"7":[0,0],"8":[0,0],"9":[0,0],"10":[0,0],"11":[0,0],"12":[0,0]},"_coverageSchema":"1a1c01bbd47fc00a2c39e90264f33305004495a9","hash":"905108b6158a4715dd5400bbbd205bd95c22ad21"}
,"/home/arttu/devaus/taivuttaja/backend/src/types.ts": {"path":"/home/arttu/devaus/taivuttaja/backend/src/types.ts","statementMap":{"0":{"start":{"line":34,"column":25},"end":{"line":34,"column":186}},"1":{"start":{"line":39,"column":24},"end":{"line":39,"column":102}},"2":{"start":{"line":74,"column":4},"end":{"line":74,"column":19}},"3":{"start":{"line":75,"column":4},"end":{"line":75,"column":34}}},"fnMap":{"0":{"name":"(anonymous_0)","decl":{"start":{"line":73,"column":2},"end":{"line":73,"column":3}},"loc":{"start":{"line":73,"column":31},"end":{"line":76,"column":3}},"line":73}},"branchMap":{},"s":{"0":2,"1":2,"2":7,"3":7},"f":{"0":7},"b":{},"_coverageSchema":"1a1c01bbd47fc00a2c39e90264f33305004495a9","hash":"b89d7e2a96427e70875a9641b8129dce1fc4031f"}
,"/home/arttu/devaus/taivuttaja/backend/src/models/DoneWord.ts": {"path":"/home/arttu/devaus/taivuttaja/backend/src/models/DoneWord.ts","statementMap":{"0":{"start":{"line":4,"column":23},"end":{"line":8,"column":2}},"1":{"start":{"line":10,"column":29},"end":{"line":10,"column":72}}},"fnMap":{},"branchMap":{},"s":{"0":2,"1":2},"f":{},"b":{},"_coverageSchema":"1a1c01bbd47fc00a2c39e90264f33305004495a9","hash":"54bdc7ac5c1b7d96ec2d832e93779ce5c2bbf0e3"}
,"/home/arttu/devaus/taivuttaja/backend/src/models/User.ts": {"path":"/home/arttu/devaus/taivuttaja/backend/src/models/User.ts","statementMap":{"0":{"start":{"line":13,"column":19},"end":{"line":18,"column":2}},"1":{"start":{"line":20,"column":25},"end":{"line":20,"column":56}}},"fnMap":{},"branchMap":{},"s":{"0":2,"1":2},"f":{},"b":{},"_coverageSchema":"1a1c01bbd47fc00a2c39e90264f33305004495a9","hash":"91bc334240d4288baa244d9bd5bd6be49a980ca7"}
,"/home/arttu/devaus/taivuttaja/backend/src/models/Word.ts": {"path":"/home/arttu/devaus/taivuttaja/backend/src/models/Word.ts","statementMap":{"0":{"start":{"line":4,"column":19},"end":{"line":22,"column":37}},"1":{"start":{"line":24,"column":25},"end":{"line":24,"column":56}}},"fnMap":{},"branchMap":{},"s":{"0":1,"1":1},"f":{},"b":{},"_coverageSchema":"1a1c01bbd47fc00a2c39e90264f33305004495a9","hash":"de81a8fbf13e8aeaee88db09ea01bdb0581a0f5b"}
,"/home/arttu/devaus/taivuttaja/backend/src/models/Wordlist.ts": {"path":"/home/arttu/devaus/taivuttaja/backend/src/models/Wordlist.ts","statementMap":{"0":{"start":{"line":4,"column":23},"end":{"line":8,"column":2}},"1":{"start":{"line":10,"column":29},"end":{"line":10,"column":72}}},"fnMap":{},"branchMap":{},"s":{"0":2,"1":2},"f":{},"b":{},"_coverageSchema":"1a1c01bbd47fc00a2c39e90264f33305004495a9","hash":"463f11798ae5c681a5e40115a3bca9210ea74f4c"}
,"/home/arttu/devaus/taivuttaja/backend/src/routes/user.ts": {"path":"/home/arttu/devaus/taivuttaja/backend/src/routes/user.ts","statementMap":{"0":{"start":{"line":3,"column":0},"end":{"line":3,"column":32}},"1":{"start":{"line":9,"column":15},"end":{"line":9,"column":31}},"2":{"start":{"line":14,"column":0},"end":{"line":17,"column":3}},"3":{"start":{"line":15,"column":2},"end":{"line":15,"column":69}},"4":{"start":{"line":16,"column":2},"end":{"line":16,"column":29}},"5":{"start":{"line":19,"column":0},"end":{"line":22,"column":3}},"6":{"start":{"line":20,"column":15},"end":{"line":20,"column":79}},"7":{"start":{"line":21,"column":2},"end":{"line":21,"column":29}},"8":{"start":{"line":24,"column":0},"end":{"line":27,"column":3}},"9":{"start":{"line":25,"column":2},"end":{"line":25,"column":41}},"10":{"start":{"line":26,"column":2},"end":{"line":26,"column":25}},"11":{"start":{"line":29,"column":0},"end":{"line":32,"column":3}},"12":{"start":{"line":30,"column":2},"end":{"line":30,"column":59}},"13":{"start":{"line":31,"column":2},"end":{"line":31,"column":25}},"14":{"start":{"line":34,"column":0},"end":{"line":37,"column":3}},"15":{"start":{"line":35,"column":17},"end":{"line":35,"column":57}},"16":{"start":{"line":36,"column":2},"end":{"line":36,"column":31}},"17":{"start":{"line":39,"column":0},"end":{"line":42,"column":3}},"18":{"start":{"line":40,"column":17},"end":{"line":40,"column":67}},"19":{"start":{"line":41,"column":2},"end":{"line":41,"column":31}},"20":{"start":{"line":44,"column":0},"end":{"line":47,"column":3}},"21":{"start":{"line":45,"column":17},"end":{"line":45,"column":107}},"22":{"start":{"line":46,"column":2},"end":{"line":46,"column":31}},"23":{"start":{"line":50,"column":0},"end":{"line":53,"column":3}},"24":{"start":{"line":51,"column":17},"end":{"line":51,"column":44}},"25":{"start":{"line":52,"column":2},"end":{"line":52,"column":31}},"26":{"start":{"line":55,"column":0},"end":{"line":58,"column":3}},"27":{"start":{"line":56,"column":17},"end":{"line":56,"column":85}},"28":{"start":{"line":57,"column":2},"end":{"line":57,"column":31}}},"fnMap":{"0":{"name":"(anonymous_0)","decl":{"start":{"line":14,"column":24},"end":{"line":14,"column":25}},"loc":{"start":{"line":14,"column":44},"end":{"line":17,"column":1}},"line":14},"1":{"name":"(anonymous_1)","decl":{"start":{"line":19,"column":23},"end":{"line":19,"column":24}},"loc":{"start":{"line":19,"column":43},"end":{"line":22,"column":1}},"line":19},"2":{"name":"(anonymous_2)","decl":{"start":{"line":24,"column":54},"end":{"line":24,"column":55}},"loc":{"start":{"line":24,"column":74},"end":{"line":27,"column":1}},"line":24},"3":{"name":"(anonymous_3)","decl":{"start":{"line":29,"column":52},"end":{"line":29,"column":53}},"loc":{"start":{"line":29,"column":72},"end":{"line":32,"column":1}},"line":29},"4":{"name":"(anonymous_4)","decl":{"start":{"line":34,"column":52},"end":{"line":34,"column":53}},"loc":{"start":{"line":34,"column":72},"end":{"line":37,"column":1}},"line":34},"5":{"name":"(anonymous_5)","decl":{"start":{"line":39,"column":48},"end":{"line":39,"column":49}},"loc":{"start":{"line":39,"column":68},"end":{"line":42,"column":1}},"line":39},"6":{"name":"(anonymous_6)","decl":{"start":{"line":44,"column":58},"end":{"line":44,"column":59}},"loc":{"start":{"line":44,"column":78},"end":{"line":47,"column":1}},"line":44},"7":{"name":"(anonymous_7)","decl":{"start":{"line":50,"column":49},"end":{"line":50,"column":50}},"loc":{"start":{"line":50,"column":63},"end":{"line":53,"column":1}},"line":50},"8":{"name":"(anonymous_8)","decl":{"start":{"line":55,"column":60},"end":{"line":55,"column":61}},"loc":{"start":{"line":55,"column":80},"end":{"line":58,"column":1}},"line":55}},"branchMap":{},"s":{"0":1,"1":1,"2":1,"3":0,"4":0,"5":1,"6":0,"7":0,"8":1,"9":0,"10":0,"11":1,"12":0,"13":0,"14":1,"15":0,"16":0,"17":1,"18":0,"19":0,"20":1,"21":0,"22":0,"23":1,"24":0,"25":0,"26":1,"27":0,"28":0},"f":{"0":0,"1":0,"2":0,"3":0,"4":0,"5":0,"6":0,"7":0,"8":0},"b":{},"_coverageSchema":"1a1c01bbd47fc00a2c39e90264f33305004495a9","hash":"90fd980077877c08ada983b344d4da74278c3380"}
,"/home/arttu/devaus/taivuttaja/backend/src/routes/wordlists.ts": {"path":"/home/arttu/devaus/taivuttaja/backend/src/routes/wordlists.ts","statementMap":{"0":{"start":{"line":5,"column":0},"end":{"line":5,"column":32}},"1":{"start":{"line":7,"column":15},"end":{"line":7,"column":31}},"2":{"start":{"line":10,"column":0},"end":{"line":15,"column":3}},"3":{"start":{"line":12,"column":2},"end":{"line":12,"column":85}},"4":{"start":{"line":13,"column":2},"end":{"line":13,"column":25}},"5":{"start":{"line":17,"column":0},"end":{"line":26,"column":3}},"6":{"start":{"line":19,"column":17},"end":{"line":19,"column":96}},"7":{"start":{"line":20,"column":2},"end":{"line":22,"column":3}},"8":{"start":{"line":21,"column":4},"end":{"line":21,"column":53}},"9":{"start":{"line":23,"column":2},"end":{"line":23,"column":19}},"10":{"start":{"line":28,"column":0},"end":{"line":33,"column":3}},"11":{"start":{"line":30,"column":17},"end":{"line":30,"column":66}},"12":{"start":{"line":31,"column":2},"end":{"line":31,"column":19}},"13":{"start":{"line":36,"column":0},"end":{"line":40,"column":3}},"14":{"start":{"line":37,"column":17},"end":{"line":37,"column":75}},"15":{"start":{"line":38,"column":2},"end":{"line":38,"column":19}},"16":{"start":{"line":42,"column":0},"end":{"line":46,"column":3}},"17":{"start":{"line":43,"column":24},"end":{"line":43,"column":91}},"18":{"start":{"line":44,"column":2},"end":{"line":44,"column":38}},"19":{"start":{"line":48,"column":0},"end":{"line":51,"column":3}},"20":{"start":{"line":49,"column":2},"end":{"line":49,"column":74}},"21":{"start":{"line":50,"column":2},"end":{"line":50,"column":25}}},"fnMap":{"0":{"name":"(anonymous_0)","decl":{"start":{"line":10,"column":54},"end":{"line":10,"column":55}},"loc":{"start":{"line":10,"column":84},"end":{"line":15,"column":1}},"line":10},"1":{"name":"(anonymous_1)","decl":{"start":{"line":17,"column":51},"end":{"line":17,"column":52}},"loc":{"start":{"line":17,"column":71},"end":{"line":26,"column":1}},"line":17},"2":{"name":"(anonymous_2)","decl":{"start":{"line":28,"column":42},"end":{"line":28,"column":43}},"loc":{"start":{"line":28,"column":62},"end":{"line":33,"column":1}},"line":28},"3":{"name":"(anonymous_3)","decl":{"start":{"line":36,"column":45},"end":{"line":36,"column":46}},"loc":{"start":{"line":36,"column":65},"end":{"line":40,"column":1}},"line":36},"4":{"name":"(anonymous_4)","decl":{"start":{"line":42,"column":50},"end":{"line":42,"column":51}},"loc":{"start":{"line":42,"column":70},"end":{"line":46,"column":1}},"line":42},"5":{"name":"(anonymous_5)","decl":{"start":{"line":48,"column":50},"end":{"line":48,"column":51}},"loc":{"start":{"line":48,"column":70},"end":{"line":51,"column":1}},"line":48}},"branchMap":{"0":{"loc":{"start":{"line":20,"column":2},"end":{"line":22,"column":3}},"type":"if","locations":[{"start":{"line":20,"column":2},"end":{"line":22,"column":3}},{"start":{},"end":{}}],"line":20}},"s":{"0":1,"1":1,"2":1,"3":0,"4":0,"5":1,"6":0,"7":0,"8":0,"9":0,"10":1,"11":0,"12":0,"13":1,"14":0,"15":0,"16":1,"17":0,"18":0,"19":1,"20":0,"21":0},"f":{"0":0,"1":0,"2":0,"3":0,"4":0,"5":0},"b":{"0":[0,0]},"_coverageSchema":"1a1c01bbd47fc00a2c39e90264f33305004495a9","hash":"d2dd86c78fe09a789beadd7a0e9198255fdf9aff"}
,"/home/arttu/devaus/taivuttaja/backend/src/routes/words.ts": {"path":"/home/arttu/devaus/taivuttaja/backend/src/routes/words.ts","statementMap":{"0":{"start":{"line":2,"column":0},"end":{"line":2,"column":32}},"1":{"start":{"line":9,"column":15},"end":{"line":9,"column":31}},"2":{"start":{"line":22,"column":0},"end":{"line":55,"column":3}},"3":{"start":{"line":24,"column":15},"end":{"line":24,"column":30}},"4":{"start":{"line":25,"column":18},"end":{"line":25,"column":33}},"5":{"start":{"line":26,"column":19},"end":{"line":26,"column":35}},"6":{"start":{"line":27,"column":15},"end":{"line":27,"column":30}},"7":{"start":{"line":29,"column":2},"end":{"line":31,"column":3}},"8":{"start":{"line":30,"column":4},"end":{"line":30,"column":76}},"9":{"start":{"line":33,"column":2},"end":{"line":35,"column":3}},"10":{"start":{"line":34,"column":4},"end":{"line":34,"column":45}},"11":{"start":{"line":37,"column":15},"end":{"line":37,"column":65}},"12":{"start":{"line":38,"column":16},"end":{"line":38,"column":68}},"13":{"start":{"line":40,"column":2},"end":{"line":42,"column":3}},"14":{"start":{"line":41,"column":4},"end":{"line":41,"column":45}},"15":{"start":{"line":44,"column":2},"end":{"line":51,"column":3}},"16":{"start":{"line":46,"column":19},"end":{"line":46,"column":69}},"17":{"start":{"line":47,"column":4},"end":{"line":47,"column":28}},"18":{"start":{"line":48,"column":9},"end":{"line":51,"column":3}},"19":{"start":{"line":49,"column":17},"end":{"line":49,"column":61}},"20":{"start":{"line":50,"column":4},"end":{"line":50,"column":26}},"21":{"start":{"line":53,"column":2},"end":{"line":53,"column":92}},"22":{"start":{"line":57,"column":0},"end":{"line":60,"column":3}},"23":{"start":{"line":58,"column":15},"end":{"line":58,"column":71}},"24":{"start":{"line":59,"column":2},"end":{"line":59,"column":17}},"25":{"start":{"line":63,"column":0},"end":{"line":67,"column":3}},"26":{"start":{"line":64,"column":17},"end":{"line":64,"column":53}},"27":{"start":{"line":66,"column":2},"end":{"line":66,"column":19}}},"fnMap":{"0":{"name":"(anonymous_0)","decl":{"start":{"line":22,"column":57},"end":{"line":22,"column":58}},"loc":{"start":{"line":22,"column":77},"end":{"line":55,"column":1}},"line":22},"1":{"name":"(anonymous_1)","decl":{"start":{"line":57,"column":22},"end":{"line":57,"column":23}},"loc":{"start":{"line":57,"column":50},"end":{"line":60,"column":1}},"line":57},"2":{"name":"(anonymous_2)","decl":{"start":{"line":63,"column":32},"end":{"line":63,"column":33}},"loc":{"start":{"line":63,"column":60},"end":{"line":67,"column":1}},"line":63}},"branchMap":{"0":{"loc":{"start":{"line":29,"column":2},"end":{"line":31,"column":3}},"type":"if","locations":[{"start":{"line":29,"column":2},"end":{"line":31,"column":3}},{"start":{},"end":{}}],"line":29},"1":{"loc":{"start":{"line":33,"column":2},"end":{"line":35,"column":3}},"type":"if","locations":[{"start":{"line":33,"column":2},"end":{"line":35,"column":3}},{"start":{},"end":{}}],"line":33},"2":{"loc":{"start":{"line":33,"column":6},"end":{"line":33,"column":27}},"type":"binary-expr","locations":[{"start":{"line":33,"column":6},"end":{"line":33,"column":14}},{"start":{"line":33,"column":18},"end":{"line":33,"column":27}}],"line":33},"3":{"loc":{"start":{"line":40,"column":2},"end":{"line":42,"column":3}},"type":"if","locations":[{"start":{"line":40,"column":2},"end":{"line":42,"column":3}},{"start":{},"end":{}}],"line":40},"4":{"loc":{"start":{"line":40,"column":6},"end":{"line":40,"column":38}},"type":"binary-expr","locations":[{"start":{"line":40,"column":6},"end":{"line":40,"column":19}},{"start":{"line":40,"column":23},"end":{"line":40,"column":38}}],"line":40},"5":{"loc":{"start":{"line":44,"column":2},"end":{"line":51,"column":3}},"type":"if","locations":[{"start":{"line":44,"column":2},"end":{"line":51,"column":3}},{"start":{"line":48,"column":9},"end":{"line":51,"column":3}}],"line":44},"6":{"loc":{"start":{"line":44,"column":6},"end":{"line":44,"column":36}},"type":"binary-expr","locations":[{"start":{"line":44,"column":6},"end":{"line":44,"column":20}},{"start":{"line":44,"column":24},"end":{"line":44,"column":36}}],"line":44},"7":{"loc":{"start":{"line":48,"column":9},"end":{"line":51,"column":3}},"type":"if","locations":[{"start":{"line":48,"column":9},"end":{"line":51,"column":3}},{"start":{},"end":{}}],"line":48},"8":{"loc":{"start":{"line":48,"column":13},"end":{"line":48,"column":43}},"type":"binary-expr","locations":[{"start":{"line":48,"column":13},"end":{"line":48,"column":27}},{"start":{"line":48,"column":31},"end":{"line":48,"column":43}}],"line":48}},"s":{"0":1,"1":1,"2":1,"3":1,"4":1,"5":1,"6":1,"7":1,"8":0,"9":1,"10":0,"11":1,"12":1,"13":1,"14":0,"15":1,"16":0,"17":0,"18":1,"19":1,"20":1,"21":0,"22":1,"23":0,"24":0,"25":1,"26":0,"27":0},"f":{"0":1,"1":0,"2":0},"b":{"0":[0,1],"1":[0,1],"2":[1,1],"3":[0,1],"4":[1,1],"5":[0,1],"6":[1,1],"7":[1,0],"8":[1,1]},"_coverageSchema":"1a1c01bbd47fc00a2c39e90264f33305004495a9","hash":"b04e7aaa8092834f59eb66b43cda30f4550e7b38"}
,"/home/arttu/devaus/taivuttaja/backend/src/services/user.ts": {"path":"/home/arttu/devaus/taivuttaja/backend/src/services/user.ts","statementMap":{"0":{"start":{"line":14,"column":27},"end":{"line":16,"column":1}},"1":{"start":{"line":15,"column":2},"end":{"line":15,"column":41}},"2":{"start":{"line":18,"column":22},"end":{"line":27,"column":1}},"3":{"start":{"line":19,"column":2},"end":{"line":21,"column":3}},"4":{"start":{"line":20,"column":4},"end":{"line":20,"column":64}},"5":{"start":{"line":22,"column":2},"end":{"line":25,"column":3}},"6":{"start":{"line":24,"column":4},"end":{"line":24,"column":125}},"7":{"start":{"line":26,"column":2},"end":{"line":26,"column":18}},"8":{"start":{"line":29,"column":22},"end":{"line":38,"column":1}},"9":{"start":{"line":30,"column":2},"end":{"line":32,"column":3}},"10":{"start":{"line":31,"column":4},"end":{"line":31,"column":64}},"11":{"start":{"line":33,"column":2},"end":{"line":36,"column":3}},"12":{"start":{"line":35,"column":4},"end":{"line":35,"column":125}},"13":{"start":{"line":37,"column":2},"end":{"line":37,"column":18}},"14":{"start":{"line":40,"column":18},"end":{"line":47,"column":1}},"15":{"start":{"line":41,"column":27},"end":{"line":45,"column":3}},"16":{"start":{"line":46,"column":2},"end":{"line":46,"column":17}},"17":{"start":{"line":49,"column":19},"end":{"line":56,"column":1}},"18":{"start":{"line":50,"column":18},"end":{"line":50,"column":53}},"19":{"start":{"line":52,"column":18},"end":{"line":52,"column":40}},"20":{"start":{"line":54,"column":2},"end":{"line":54,"column":23}},"21":{"start":{"line":58,"column":17},"end":{"line":79,"column":1}},"22":{"start":{"line":59,"column":19},"end":{"line":59,"column":45}},"23":{"start":{"line":60,"column":19},"end":{"line":60,"column":45}},"24":{"start":{"line":61,"column":15},"end":{"line":61,"column":52}},"25":{"start":{"line":62,"column":2},"end":{"line":64,"column":3}},"26":{"start":{"line":63,"column":4},"end":{"line":63,"column":38}},"27":{"start":{"line":65,"column":2},"end":{"line":67,"column":3}},"28":{"start":{"line":66,"column":4},"end":{"line":66,"column":62}},"29":{"start":{"line":69,"column":17},"end":{"line":69,"column":62}},"30":{"start":{"line":70,"column":2},"end":{"line":72,"column":3}},"31":{"start":{"line":71,"column":4},"end":{"line":71,"column":40}},"32":{"start":{"line":74,"column":23},"end":{"line":74,"column":64}},"33":{"start":{"line":75,"column":16},"end":{"line":75,"column":90}},"34":{"start":{"line":76,"column":26},"end":{"line":76,"column":126}},"35":{"start":{"line":77,"column":2},"end":{"line":77,"column":19}},"36":{"start":{"line":81,"column":14},"end":{"line":86,"column":1}},"37":{"start":{"line":82,"column":23},"end":{"line":82,"column":64}},"38":{"start":{"line":83,"column":16},"end":{"line":83,"column":90}},"39":{"start":{"line":84,"column":2},"end":{"line":84,"column":21}},"40":{"start":{"line":85,"column":2},"end":{"line":85,"column":14}},"41":{"start":{"line":88,"column":19},"end":{"line":98,"column":1}},"42":{"start":{"line":90,"column":2},"end":{"line":90,"column":54}},"43":{"start":{"line":92,"column":17},"end":{"line":92,"column":63}},"44":{"start":{"line":94,"column":2},"end":{"line":96,"column":3}},"45":{"start":{"line":95,"column":4},"end":{"line":95,"column":48}},"46":{"start":{"line":100,"column":20},"end":{"line":111,"column":1}},"47":{"start":{"line":101,"column":2},"end":{"line":103,"column":3}},"48":{"start":{"line":102,"column":4},"end":{"line":102,"column":48}},"49":{"start":{"line":105,"column":22},"end":{"line":105,"column":91}},"50":{"start":{"line":107,"column":17},"end":{"line":107,"column":41}},"51":{"start":{"line":108,"column":2},"end":{"line":110,"column":3}},"52":{"start":{"line":109,"column":4},"end":{"line":109,"column":47}},"53":{"start":{"line":113,"column":21},"end":{"line":122,"column":1}},"54":{"start":{"line":115,"column":17},"end":{"line":115,"column":103}},"55":{"start":{"line":117,"column":2},"end":{"line":119,"column":3}},"56":{"start":{"line":118,"column":4},"end":{"line":118,"column":48}},"57":{"start":{"line":121,"column":2},"end":{"line":121,"column":16}},"58":{"start":{"line":124,"column":16},"end":{"line":130,"column":1}},"59":{"start":{"line":125,"column":2},"end":{"line":127,"column":3}},"60":{"start":{"line":126,"column":4},"end":{"line":126,"column":56}},"61":{"start":{"line":128,"column":17},"end":{"line":128,"column":71}},"62":{"start":{"line":129,"column":2},"end":{"line":129,"column":16}},"63":{"start":{"line":132,"column":23},"end":{"line":151,"column":1}},"64":{"start":{"line":133,"column":22},"end":{"line":133,"column":77}},"65":{"start":{"line":134,"column":22},"end":{"line":134,"column":51}},"66":{"start":{"line":136,"column":17},"end":{"line":136,"column":57}},"67":{"start":{"line":138,"column":2},"end":{"line":140,"column":3}},"68":{"start":{"line":139,"column":4},"end":{"line":139,"column":38}},"69":{"start":{"line":142,"column":26},"end":{"line":142,"column":76}},"70":{"start":{"line":143,"column":2},"end":{"line":145,"column":3}},"71":{"start":{"line":144,"column":4},"end":{"line":144,"column":40}},"72":{"start":{"line":146,"column":17},"end":{"line":146,"column":88}},"73":{"start":{"line":147,"column":2},"end":{"line":149,"column":3}},"74":{"start":{"line":148,"column":4},"end":{"line":148,"column":16}},"75":{"start":{"line":150,"column":2},"end":{"line":150,"column":15}},"76":{"start":{"line":153,"column":25},"end":{"line":159,"column":1}},"77":{"start":{"line":154,"column":2},"end":{"line":156,"column":3}},"78":{"start":{"line":155,"column":4},"end":{"line":155,"column":74}},"79":{"start":{"line":157,"column":17},"end":{"line":157,"column":79}},"80":{"start":{"line":158,"column":2},"end":{"line":158,"column":16}},"81":{"start":{"line":173,"column":20},"end":{"line":177,"column":1}}},"fnMap":{"0":{"name":"(anonymous_0)","decl":{"start":{"line":14,"column":27},"end":{"line":14,"column":28}},"loc":{"start":{"line":14,"column":55},"end":{"line":16,"column":1}},"line":14},"1":{"name":"(anonymous_1)","decl":{"start":{"line":18,"column":22},"end":{"line":18,"column":23}},"loc":{"start":{"line":18,"column":41},"end":{"line":27,"column":1}},"line":18},"2":{"name":"(anonymous_2)","decl":{"start":{"line":29,"column":22},"end":{"line":29,"column":23}},"loc":{"start":{"line":29,"column":41},"end":{"line":38,"column":1}},"line":29},"3":{"name":"(anonymous_3)","decl":{"start":{"line":40,"column":18},"end":{"line":40,"column":19}},"loc":{"start":{"line":40,"column":84},"end":{"line":47,"column":1}},"line":40},"4":{"name":"(anonymous_4)","decl":{"start":{"line":49,"column":19},"end":{"line":49,"column":20}},"loc":{"start":{"line":49,"column":67},"end":{"line":56,"column":1}},"line":49},"5":{"name":"(anonymous_5)","decl":{"start":{"line":58,"column":17},"end":{"line":58,"column":18}},"loc":{"start":{"line":58,"column":86},"end":{"line":79,"column":1}},"line":58},"6":{"name":"(anonymous_6)","decl":{"start":{"line":81,"column":14},"end":{"line":81,"column":15}},"loc":{"start":{"line":81,"column":30},"end":{"line":86,"column":1}},"line":81},"7":{"name":"(anonymous_7)","decl":{"start":{"line":88,"column":19},"end":{"line":88,"column":20}},"loc":{"start":{"line":88,"column":41},"end":{"line":98,"column":1}},"line":88},"8":{"name":"(anonymous_8)","decl":{"start":{"line":100,"column":20},"end":{"line":100,"column":21}},"loc":{"start":{"line":100,"column":59},"end":{"line":111,"column":1}},"line":100},"9":{"name":"(anonymous_9)","decl":{"start":{"line":113,"column":21},"end":{"line":113,"column":22}},"loc":{"start":{"line":113,"column":43},"end":{"line":122,"column":1}},"line":113},"10":{"name":"(anonymous_10)","decl":{"start":{"line":124,"column":16},"end":{"line":124,"column":17}},"loc":{"start":{"line":124,"column":53},"end":{"line":130,"column":1}},"line":124},"11":{"name":"(anonymous_11)","decl":{"start":{"line":132,"column":23},"end":{"line":132,"column":24}},"loc":{"start":{"line":132,"column":95},"end":{"line":151,"column":1}},"line":132},"12":{"name":"(anonymous_12)","decl":{"start":{"line":153,"column":25},"end":{"line":153,"column":26}},"loc":{"start":{"line":153,"column":71},"end":{"line":159,"column":1}},"line":153}},"branchMap":{"0":{"loc":{"start":{"line":19,"column":2},"end":{"line":21,"column":3}},"type":"if","locations":[{"start":{"line":19,"column":2},"end":{"line":21,"column":3}},{"start":{},"end":{}}],"line":19},"1":{"loc":{"start":{"line":19,"column":6},"end":{"line":19,"column":38}},"type":"binary-expr","locations":[{"start":{"line":19,"column":6},"end":{"line":19,"column":15}},{"start":{"line":19,"column":19},"end":{"line":19,"column":38}}],"line":19},"2":{"loc":{"start":{"line":22,"column":2},"end":{"line":25,"column":3}},"type":"if","locations":[{"start":{"line":22,"column":2},"end":{"line":25,"column":3}},{"start":{},"end":{}}],"line":22},"3":{"loc":{"start":{"line":22,"column":6},"end":{"line":23,"column":41}},"type":"binary-expr","locations":[{"start":{"line":22,"column":6},"end":{"line":22,"column":43}},{"start":{"line":23,"column":4},"end":{"line":23,"column":41}}],"line":22},"4":{"loc":{"start":{"line":30,"column":2},"end":{"line":32,"column":3}},"type":"if","locations":[{"start":{"line":30,"column":2},"end":{"line":32,"column":3}},{"start":{},"end":{}}],"line":30},"5":{"loc":{"start":{"line":30,"column":6},"end":{"line":30,"column":38}},"type":"binary-expr","locations":[{"start":{"line":30,"column":6},"end":{"line":30,"column":15}},{"start":{"line":30,"column":19},"end":{"line":30,"column":38}}],"line":30},"6":{"loc":{"start":{"line":33,"column":2},"end":{"line":36,"column":3}},"type":"if","locations":[{"start":{"line":33,"column":2},"end":{"line":36,"column":3}},{"start":{},"end":{}}],"line":33},"7":{"loc":{"start":{"line":33,"column":6},"end":{"line":34,"column":41}},"type":"binary-expr","locations":[{"start":{"line":33,"column":6},"end":{"line":33,"column":43}},{"start":{"line":34,"column":4},"end":{"line":34,"column":41}}],"line":33},"8":{"loc":{"start":{"line":62,"column":2},"end":{"line":64,"column":3}},"type":"if","locations":[{"start":{"line":62,"column":2},"end":{"line":64,"column":3}},{"start":{},"end":{}}],"line":62},"9":{"loc":{"start":{"line":65,"column":2},"end":{"line":67,"column":3}},"type":"if","locations":[{"start":{"line":65,"column":2},"end":{"line":67,"column":3}},{"start":{},"end":{}}],"line":65},"10":{"loc":{"start":{"line":70,"column":2},"end":{"line":72,"column":3}},"type":"if","locations":[{"start":{"line":70,"column":2},"end":{"line":72,"column":3}},{"start":{},"end":{}}],"line":70},"11":{"loc":{"start":{"line":94,"column":2},"end":{"line":96,"column":3}},"type":"if","locations":[{"start":{"line":94,"column":2},"end":{"line":96,"column":3}},{"start":{},"end":{}}],"line":94},"12":{"loc":{"start":{"line":101,"column":2},"end":{"line":103,"column":3}},"type":"if","locations":[{"start":{"line":101,"column":2},"end":{"line":103,"column":3}},{"start":{},"end":{}}],"line":101},"13":{"loc":{"start":{"line":108,"column":2},"end":{"line":110,"column":3}},"type":"if","locations":[{"start":{"line":108,"column":2},"end":{"line":110,"column":3}},{"start":{},"end":{}}],"line":108},"14":{"loc":{"start":{"line":117,"column":2},"end":{"line":119,"column":3}},"type":"if","locations":[{"start":{"line":117,"column":2},"end":{"line":119,"column":3}},{"start":{},"end":{}}],"line":117},"15":{"loc":{"start":{"line":125,"column":2},"end":{"line":127,"column":3}},"type":"if","locations":[{"start":{"line":125,"column":2},"end":{"line":127,"column":3}},{"start":{},"end":{}}],"line":125},"16":{"loc":{"start":{"line":138,"column":2},"end":{"line":140,"column":3}},"type":"if","locations":[{"start":{"line":138,"column":2},"end":{"line":140,"column":3}},{"start":{},"end":{}}],"line":138},"17":{"loc":{"start":{"line":138,"column":6},"end":{"line":138,"column":33}},"type":"binary-expr","locations":[{"start":{"line":138,"column":6},"end":{"line":138,"column":13}},{"start":{"line":138,"column":17},"end":{"line":138,"column":33}}],"line":138},"18":{"loc":{"start":{"line":143,"column":2},"end":{"line":145,"column":3}},"type":"if","locations":[{"start":{"line":143,"column":2},"end":{"line":145,"column":3}},{"start":{},"end":{}}],"line":143},"19":{"loc":{"start":{"line":147,"column":2},"end":{"line":149,"column":3}},"type":"if","locations":[{"start":{"line":147,"column":2},"end":{"line":149,"column":3}},{"start":{},"end":{}}],"line":147},"20":{"loc":{"start":{"line":154,"column":2},"end":{"line":156,"column":3}},"type":"if","locations":[{"start":{"line":154,"column":2},"end":{"line":156,"column":3}},{"start":{},"end":{}}],"line":154}},"s":{"0":2,"1":1,"2":2,"3":5,"4":1,"5":4,"6":2,"7":2,"8":2,"9":6,"10":1,"11":5,"12":3,"13":2,"14":2,"15":2,"16":0,"17":2,"18":0,"19":0,"20":0,"21":2,"22":0,"23":0,"24":0,"25":0,"26":0,"27":0,"28":0,"29":0,"30":0,"31":0,"32":0,"33":0,"34":0,"35":0,"36":2,"37":0,"38":0,"39":0,"40":0,"41":2,"42":0,"43":0,"44":0,"45":0,"46":2,"47":0,"48":0,"49":0,"50":0,"51":0,"52":0,"53":2,"54":0,"55":0,"56":0,"57":0,"58":2,"59":0,"60":0,"61":0,"62":0,"63":2,"64":0,"65":0,"66":0,"67":0,"68":0,"69":0,"70":0,"71":0,"72":0,"73":0,"74":0,"75":0,"76":2,"77":0,"78":0,"79":0,"80":0,"81":2},"f":{"0":1,"1":5,"2":6,"3":2,"4":0,"5":0,"6":0,"7":0,"8":0,"9":0,"10":0,"11":0,"12":0},"b":{"0":[1,4],"1":[5,5],"2":[2,2],"3":[4,3],"4":[1,5],"5":[6,6],"6":[3,2],"7":[5,3],"8":[0,0],"9":[0,0],"10":[0,0],"11":[0,0],"12":[0,0],"13":[0,0],"14":[0,0],"15":[0,0],"16":[0,0],"17":[0,0],"18":[0,0],"19":[0,0],"20":[0,0]},"_coverageSchema":"1a1c01bbd47fc00a2c39e90264f33305004495a9","hash":"b1523b41963685ba824cb41cc2a50a5986dd377a"}
,"/home/arttu/devaus/taivuttaja/backend/src/services/wordlists.ts": {"path":"/home/arttu/devaus/taivuttaja/backend/src/services/wordlists.ts","statementMap":{"0":{"start":{"line":7,"column":27},"end":{"line":16,"column":1}},"1":{"start":{"line":9,"column":2},"end":{"line":11,"column":3}},"2":{"start":{"line":10,"column":4},"end":{"line":10,"column":17}},"3":{"start":{"line":12,"column":2},"end":{"line":14,"column":3}},"4":{"start":{"line":13,"column":4},"end":{"line":13,"column":17}},"5":{"start":{"line":15,"column":2},"end":{"line":15,"column":14}},"6":{"start":{"line":18,"column":16},"end":{"line":28,"column":1}},"7":{"start":{"line":19,"column":2},"end":{"line":21,"column":3}},"8":{"start":{"line":20,"column":4},"end":{"line":20,"column":42}},"9":{"start":{"line":22,"column":17},"end":{"line":22,"column":117}},"10":{"start":{"line":24,"column":2},"end":{"line":26,"column":3}},"11":{"start":{"line":25,"column":4},"end":{"line":25,"column":42}},"12":{"start":{"line":27,"column":2},"end":{"line":27,"column":16}},"13":{"start":{"line":30,"column":19},"end":{"line":41,"column":1}},"14":{"start":{"line":31,"column":2},"end":{"line":33,"column":3}},"15":{"start":{"line":32,"column":4},"end":{"line":32,"column":42}},"16":{"start":{"line":35,"column":17},"end":{"line":35,"column":117}},"17":{"start":{"line":37,"column":2},"end":{"line":39,"column":3}},"18":{"start":{"line":38,"column":4},"end":{"line":38,"column":42}},"19":{"start":{"line":43,"column":23},"end":{"line":54,"column":1}},"20":{"start":{"line":44,"column":2},"end":{"line":46,"column":3}},"21":{"start":{"line":45,"column":4},"end":{"line":45,"column":42}},"22":{"start":{"line":48,"column":17},"end":{"line":48,"column":89}},"23":{"start":{"line":50,"column":2},"end":{"line":52,"column":3}},"24":{"start":{"line":51,"column":4},"end":{"line":51,"column":42}},"25":{"start":{"line":56,"column":15},"end":{"line":74,"column":1}},"26":{"start":{"line":57,"column":2},"end":{"line":59,"column":3}},"27":{"start":{"line":58,"column":4},"end":{"line":58,"column":115}},"28":{"start":{"line":61,"column":26},"end":{"line":61,"column":28}},"29":{"start":{"line":62,"column":21},"end":{"line":62,"column":74}},"30":{"start":{"line":63,"column":2},"end":{"line":63,"column":26}},"31":{"start":{"line":65,"column":2},"end":{"line":67,"column":3}},"32":{"start":{"line":66,"column":4},"end":{"line":66,"column":87}},"33":{"start":{"line":68,"column":22},"end":{"line":68,"column":72}},"34":{"start":{"line":69,"column":24},"end":{"line":69,"column":48}},"35":{"start":{"line":70,"column":2},"end":{"line":72,"column":3}},"36":{"start":{"line":71,"column":4},"end":{"line":71,"column":60}},"37":{"start":{"line":73,"column":2},"end":{"line":73,"column":23}},"38":{"start":{"line":76,"column":22},"end":{"line":78,"column":1}},"39":{"start":{"line":77,"column":2},"end":{"line":77,"column":53}},"40":{"start":{"line":80,"column":16},"end":{"line":112,"column":1}},"41":{"start":{"line":81,"column":2},"end":{"line":83,"column":3}},"42":{"start":{"line":82,"column":4},"end":{"line":82,"column":42}},"43":{"start":{"line":84,"column":36},"end":{"line":84,"column":106}},"44":{"start":{"line":85,"column":2},"end":{"line":87,"column":3}},"45":{"start":{"line":86,"column":4},"end":{"line":86,"column":64}},"46":{"start":{"line":90,"column":27},"end":{"line":103,"column":3}},"47":{"start":{"line":92,"column":42},"end":{"line":92,"column":44}},"48":{"start":{"line":95,"column":4},"end":{"line":100,"column":5}},"49":{"start":{"line":96,"column":21},"end":{"line":96,"column":114}},"50":{"start":{"line":97,"column":6},"end":{"line":99,"column":7}},"51":{"start":{"line":98,"column":8},"end":{"line":98,"column":35}},"52":{"start":{"line":102,"column":4},"end":{"line":102,"column":25}},"53":{"start":{"line":105,"column":45},"end":{"line":105,"column":145}},"54":{"start":{"line":106,"column":2},"end":{"line":106,"column":35}},"55":{"start":{"line":107,"column":2},"end":{"line":107,"column":32}},"56":{"start":{"line":110,"column":2},"end":{"line":110,"column":26}}},"fnMap":{"0":{"name":"(anonymous_0)","decl":{"start":{"line":7,"column":27},"end":{"line":7,"column":28}},"loc":{"start":{"line":7,"column":66},"end":{"line":16,"column":1}},"line":7},"1":{"name":"(anonymous_1)","decl":{"start":{"line":18,"column":16},"end":{"line":18,"column":17}},"loc":{"start":{"line":18,"column":78},"end":{"line":28,"column":1}},"line":18},"2":{"name":"(anonymous_2)","decl":{"start":{"line":30,"column":19},"end":{"line":30,"column":20}},"loc":{"start":{"line":30,"column":81},"end":{"line":41,"column":1}},"line":30},"3":{"name":"(anonymous_3)","decl":{"start":{"line":43,"column":23},"end":{"line":43,"column":24}},"loc":{"start":{"line":43,"column":70},"end":{"line":54,"column":1}},"line":43},"4":{"name":"(anonymous_4)","decl":{"start":{"line":56,"column":15},"end":{"line":56,"column":16}},"loc":{"start":{"line":56,"column":57},"end":{"line":74,"column":1}},"line":56},"5":{"name":"(anonymous_5)","decl":{"start":{"line":76,"column":22},"end":{"line":76,"column":23}},"loc":{"start":{"line":76,"column":48},"end":{"line":78,"column":1}},"line":76},"6":{"name":"(anonymous_6)","decl":{"start":{"line":80,"column":16},"end":{"line":80,"column":17}},"loc":{"start":{"line":80,"column":63},"end":{"line":112,"column":1}},"line":80},"7":{"name":"(anonymous_7)","decl":{"start":{"line":90,"column":27},"end":{"line":90,"column":28}},"loc":{"start":{"line":90,"column":39},"end":{"line":103,"column":3}},"line":90}},"branchMap":{"0":{"loc":{"start":{"line":9,"column":2},"end":{"line":11,"column":3}},"type":"if","locations":[{"start":{"line":9,"column":2},"end":{"line":11,"column":3}},{"start":{},"end":{}}],"line":9},"1":{"loc":{"start":{"line":12,"column":2},"end":{"line":14,"column":3}},"type":"if","locations":[{"start":{"line":12,"column":2},"end":{"line":14,"column":3}},{"start":{},"end":{}}],"line":12},"2":{"loc":{"start":{"line":12,"column":6},"end":{"line":12,"column":56}},"type":"binary-expr","locations":[{"start":{"line":12,"column":6},"end":{"line":12,"column":24}},{"start":{"line":12,"column":28},"end":{"line":12,"column":56}}],"line":12},"3":{"loc":{"start":{"line":19,"column":2},"end":{"line":21,"column":3}},"type":"if","locations":[{"start":{"line":19,"column":2},"end":{"line":21,"column":3}},{"start":{},"end":{}}],"line":19},"4":{"loc":{"start":{"line":19,"column":6},"end":{"line":19,"column":46}},"type":"binary-expr","locations":[{"start":{"line":19,"column":6},"end":{"line":19,"column":21}},{"start":{"line":19,"column":25},"end":{"line":19,"column":46}}],"line":19},"5":{"loc":{"start":{"line":24,"column":2},"end":{"line":26,"column":3}},"type":"if","locations":[{"start":{"line":24,"column":2},"end":{"line":26,"column":3}},{"start":{},"end":{}}],"line":24},"6":{"loc":{"start":{"line":31,"column":2},"end":{"line":33,"column":3}},"type":"if","locations":[{"start":{"line":31,"column":2},"end":{"line":33,"column":3}},{"start":{},"end":{}}],"line":31},"7":{"loc":{"start":{"line":31,"column":6},"end":{"line":31,"column":46}},"type":"binary-expr","locations":[{"start":{"line":31,"column":6},"end":{"line":31,"column":21}},{"start":{"line":31,"column":25},"end":{"line":31,"column":46}}],"line":31},"8":{"loc":{"start":{"line":37,"column":2},"end":{"line":39,"column":3}},"type":"if","locations":[{"start":{"line":37,"column":2},"end":{"line":39,"column":3}},{"start":{},"end":{}}],"line":37},"9":{"loc":{"start":{"line":44,"column":2},"end":{"line":46,"column":3}},"type":"if","locations":[{"start":{"line":44,"column":2},"end":{"line":46,"column":3}},{"start":{},"end":{}}],"line":44},"10":{"loc":{"start":{"line":50,"column":2},"end":{"line":52,"column":3}},"type":"if","locations":[{"start":{"line":50,"column":2},"end":{"line":52,"column":3}},{"start":{},"end":{}}],"line":50},"11":{"loc":{"start":{"line":57,"column":2},"end":{"line":59,"column":3}},"type":"if","locations":[{"start":{"line":57,"column":2},"end":{"line":59,"column":3}},{"start":{},"end":{}}],"line":57},"12":{"loc":{"start":{"line":57,"column":6},"end":{"line":57,"column":96}},"type":"binary-expr","locations":[{"start":{"line":57,"column":6},"end":{"line":57,"column":22}},{"start":{"line":57,"column":26},"end":{"line":57,"column":59}},{"start":{"line":57,"column":63},"end":{"line":57,"column":96}}],"line":57},"13":{"loc":{"start":{"line":65,"column":2},"end":{"line":67,"column":3}},"type":"if","locations":[{"start":{"line":65,"column":2},"end":{"line":67,"column":3}},{"start":{},"end":{}}],"line":65},"14":{"loc":{"start":{"line":70,"column":2},"end":{"line":72,"column":3}},"type":"if","locations":[{"start":{"line":70,"column":2},"end":{"line":72,"column":3}},{"start":{},"end":{}}],"line":70},"15":{"loc":{"start":{"line":81,"column":2},"end":{"line":83,"column":3}},"type":"if","locations":[{"start":{"line":81,"column":2},"end":{"line":83,"column":3}},{"start":{},"end":{}}],"line":81},"16":{"loc":{"start":{"line":85,"column":2},"end":{"line":87,"column":3}},"type":"if","locations":[{"start":{"line":85,"column":2},"end":{"line":87,"column":3}},{"start":{},"end":{}}],"line":85},"17":{"loc":{"start":{"line":97,"column":6},"end":{"line":99,"column":7}},"type":"if","locations":[{"start":{"line":97,"column":6},"end":{"line":99,"column":7}},{"start":{},"end":{}}],"line":97}},"s":{"0":1,"1":0,"2":0,"3":0,"4":0,"5":0,"6":1,"7":0,"8":0,"9":0,"10":0,"11":0,"12":0,"13":1,"14":0,"15":0,"16":0,"17":0,"18":0,"19":1,"20":0,"21":0,"22":0,"23":0,"24":0,"25":1,"26":0,"27":0,"28":0,"29":0,"30":0,"31":0,"32":0,"33":0,"34":0,"35":0,"36":0,"37":0,"38":1,"39":0,"40":1,"41":0,"42":0,"43":0,"44":0,"45":0,"46":0,"47":0,"48":0,"49":0,"50":0,"51":0,"52":0,"53":0,"54":0,"55":0,"56":0},"f":{"0":0,"1":0,"2":0,"3":0,"4":0,"5":0,"6":0,"7":0},"b":{"0":[0,0],"1":[0,0],"2":[0,0],"3":[0,0],"4":[0,0],"5":[0,0],"6":[0,0],"7":[0,0],"8":[0,0],"9":[0,0],"10":[0,0],"11":[0,0],"12":[0,0,0],"13":[0,0],"14":[0,0],"15":[0,0],"16":[0,0],"17":[0,0]},"_coverageSchema":"1a1c01bbd47fc00a2c39e90264f33305004495a9","hash":"a9ed9de8d492838d774f6ec88fb6fd9564b66f01"}
,"/home/arttu/devaus/taivuttaja/backend/src/services/words.ts": {"path":"/home/arttu/devaus/taivuttaja/backend/src/services/words.ts","statementMap":{"0":{"start":{"line":5,"column":16},"end":{"line":11,"column":1}},"1":{"start":{"line":6,"column":2},"end":{"line":10,"column":3}},"2":{"start":{"line":7,"column":4},"end":{"line":7,"column":107}},"3":{"start":{"line":9,"column":4},"end":{"line":9,"column":99}},"4":{"start":{"line":13,"column":22},"end":{"line":20,"column":1}},"5":{"start":{"line":14,"column":20},"end":{"line":14,"column":137}},"6":{"start":{"line":15,"column":2},"end":{"line":17,"column":3}},"7":{"start":{"line":16,"column":4},"end":{"line":16,"column":44}},"8":{"start":{"line":19,"column":2},"end":{"line":19,"column":22}},"9":{"start":{"line":22,"column":25},"end":{"line":25,"column":1}},"10":{"start":{"line":23,"column":33},"end":{"line":23,"column":144}},"11":{"start":{"line":24,"column":2},"end":{"line":24,"column":16}}},"fnMap":{"0":{"name":"(anonymous_0)","decl":{"start":{"line":5,"column":16},"end":{"line":5,"column":17}},"loc":{"start":{"line":5,"column":86},"end":{"line":11,"column":1}},"line":5},"1":{"name":"(anonymous_1)","decl":{"start":{"line":13,"column":22},"end":{"line":13,"column":23}},"loc":{"start":{"line":13,"column":58},"end":{"line":20,"column":1}},"line":13},"2":{"name":"(anonymous_2)","decl":{"start":{"line":22,"column":25},"end":{"line":22,"column":26}},"loc":{"start":{"line":22,"column":37},"end":{"line":25,"column":1}},"line":22}},"branchMap":{"0":{"loc":{"start":{"line":6,"column":2},"end":{"line":10,"column":3}},"type":"if","locations":[{"start":{"line":6,"column":2},"end":{"line":10,"column":3}},{"start":{"line":8,"column":9},"end":{"line":10,"column":3}}],"line":6},"1":{"loc":{"start":{"line":15,"column":2},"end":{"line":17,"column":3}},"type":"if","locations":[{"start":{"line":15,"column":2},"end":{"line":17,"column":3}},{"start":{},"end":{}}],"line":15},"2":{"loc":{"start":{"line":15,"column":6},"end":{"line":15,"column":42}},"type":"binary-expr","locations":[{"start":{"line":15,"column":6},"end":{"line":15,"column":16}},{"start":{"line":15,"column":20},"end":{"line":15,"column":42}}],"line":15}},"s":{"0":1,"1":0,"2":0,"3":0,"4":1,"5":1,"6":1,"7":0,"8":1,"9":1,"10":0,"11":0},"f":{"0":0,"1":1,"2":0},"b":{"0":[0,0],"1":[0,1],"2":[1,1]},"_coverageSchema":"1a1c01bbd47fc00a2c39e90264f33305004495a9","hash":"5c343fed0ca0ad339a7654200c772005f4b4a6da"}
,"/home/arttu/devaus/taivuttaja/backend/src/utils/validators.ts": {"path":"/home/arttu/devaus/taivuttaja/backend/src/utils/validators.ts","statementMap":{"0":{"start":{"line":3,"column":24},"end":{"line":5,"column":1}},"1":{"start":{"line":4,"column":2},"end":{"line":4,"column":60}},"2":{"start":{"line":7,"column":25},"end":{"line":9,"column":1}},"3":{"start":{"line":8,"column":2},"end":{"line":8,"column":38}},"4":{"start":{"line":13,"column":23},"end":{"line":15,"column":1}},"5":{"start":{"line":14,"column":2},"end":{"line":14,"column":52}},"6":{"start":{"line":17,"column":22},"end":{"line":19,"column":1}},"7":{"start":{"line":18,"column":2},"end":{"line":18,"column":51}},"8":{"start":{"line":21,"column":26},"end":{"line":23,"column":1}},"9":{"start":{"line":22,"column":2},"end":{"line":22,"column":82}}},"fnMap":{"0":{"name":"(anonymous_0)","decl":{"start":{"line":3,"column":24},"end":{"line":3,"column":25}},"loc":{"start":{"line":3,"column":59},"end":{"line":5,"column":1}},"line":3},"1":{"name":"(anonymous_1)","decl":{"start":{"line":7,"column":25},"end":{"line":7,"column":26}},"loc":{"start":{"line":7,"column":69},"end":{"line":9,"column":1}},"line":7},"2":{"name":"(anonymous_2)","decl":{"start":{"line":13,"column":23},"end":{"line":13,"column":24}},"loc":{"start":{"line":13,"column":57},"end":{"line":15,"column":1}},"line":13},"3":{"name":"(anonymous_3)","decl":{"start":{"line":17,"column":22},"end":{"line":17,"column":23}},"loc":{"start":{"line":17,"column":55},"end":{"line":19,"column":1}},"line":17},"4":{"name":"(anonymous_4)","decl":{"start":{"line":21,"column":26},"end":{"line":21,"column":27}},"loc":{"start":{"line":21,"column":63},"end":{"line":23,"column":1}},"line":21}},"branchMap":{"0":{"loc":{"start":{"line":4,"column":9},"end":{"line":4,"column":59}},"type":"binary-expr","locations":[{"start":{"line":4,"column":9},"end":{"line":4,"column":33}},{"start":{"line":4,"column":37},"end":{"line":4,"column":59}}],"line":4},"1":{"loc":{"start":{"line":14,"column":9},"end":{"line":14,"column":51}},"type":"binary-expr","locations":[{"start":{"line":14,"column":9},"end":{"line":14,"column":23}},{"start":{"line":14,"column":27},"end":{"line":14,"column":51}}],"line":14},"2":{"loc":{"start":{"line":18,"column":9},"end":{"line":18,"column":50}},"type":"binary-expr","locations":[{"start":{"line":18,"column":9},"end":{"line":18,"column":23}},{"start":{"line":18,"column":27},"end":{"line":18,"column":50}}],"line":18},"3":{"loc":{"start":{"line":22,"column":9},"end":{"line":22,"column":81}},"type":"binary-expr","locations":[{"start":{"line":22,"column":9},"end":{"line":22,"column":23}},{"start":{"line":22,"column":27},"end":{"line":22,"column":52}},{"start":{"line":22,"column":56},"end":{"line":22,"column":81}}],"line":22}},"s":{"0":2,"1":16,"2":2,"3":0,"4":2,"5":1,"6":2,"7":1,"8":2,"9":1},"f":{"0":16,"1":0,"2":1,"3":1,"4":1},"b":{"0":[16,2],"1":[1,1],"2":[1,1],"3":[1,1,0]},"_coverageSchema":"1a1c01bbd47fc00a2c39e90264f33305004495a9","hash":"e0e7b6fd0cdfffcb0eb143412e2db59821837aa8"}
}
