TN:
SF:src/app.ts
FN:38,(anonymous_0)
FN:40,(anonymous_1)
FN:48,(anonymous_2)
FN:51,(anonymous_3)
FN:54,(anonymous_4)
FNF:5
FNH:1
FNDA:1,(anonymous_0)
FNDA:0,(anonymous_1)
FNDA:0,(anonymous_2)
FNDA:0,(anonymous_3)
FNDA:0,(anonymous_4)
DA:11,1
DA:13,1
DA:15,1
DA:17,1
DA:22,1
DA:24,1
DA:25,1
DA:26,1
DA:27,1
DA:29,1
DA:30,1
DA:32,0
DA:35,1
DA:36,1
DA:39,1
DA:41,0
DA:45,1
DA:46,1
DA:47,1
DA:48,1
DA:49,0
DA:51,1
DA:52,0
DA:54,1
DA:55,0
DA:56,0
DA:58,0
DA:59,0
DA:60,0
DA:62,1
DA:63,1
DA:65,1
LF:32
LH:23
BRDA:29,0,0,1
BRDA:29,0,1,0
BRDA:35,1,0,1
BRDA:35,1,1,0
BRDA:55,2,0,0
BRDA:55,2,1,0
BRF:6
BRH:2
end_of_record
TN:
SF:src/config.ts
FNF:0
FNH:0
DA:3,2
DA:5,2
DA:6,2
DA:7,2
DA:8,2
DA:9,2
DA:10,2
DA:11,2
DA:12,2
DA:13,2
DA:14,2
DA:15,2
DA:16,2
LF:13
LH:13
BRDA:6,0,0,2
BRDA:6,0,1,0
BRF:2
BRH:1
end_of_record
TN:
SF:src/middleware.ts
FN:25,(anonymous_0)
FN:33,(anonymous_1)
FN:43,(anonymous_2)
FN:49,(anonymous_3)
FN:55,(anonymous_4)
FN:62,(anonymous_5)
FN:68,(anonymous_6)
FN:91,(anonymous_7)
FNF:8
FNH:2
FNDA:1,(anonymous_0)
FNDA:1,(anonymous_1)
FNDA:0,(anonymous_2)
FNDA:0,(anonymous_3)
FNDA:0,(anonymous_4)
FNDA:0,(anonymous_5)
FNDA:0,(anonymous_6)
FNDA:0,(anonymous_7)
DA:25,1
DA:26,1
DA:27,1
DA:28,0
DA:30,1
DA:33,1
DA:34,1
DA:35,1
DA:39,1
DA:43,1
DA:45,0
DA:46,0
DA:49,0
DA:50,0
DA:51,0
DA:53,0
DA:55,0
DA:56,0
DA:57,0
DA:58,0
DA:60,0
DA:62,0
DA:63,0
DA:65,0
DA:68,1
DA:69,0
DA:71,0
DA:72,0
DA:73,0
DA:74,0
DA:75,0
DA:76,0
DA:77,0
DA:78,0
DA:79,0
DA:80,0
DA:81,0
DA:82,0
DA:84,0
DA:87,0
DA:91,1
DA:92,0
LF:42
LH:11
BRDA:27,0,0,0
BRDA:27,0,1,1
BRDA:35,1,0,0
BRDA:35,1,1,1
BRDA:35,2,0,1
BRDA:35,2,1,0
BRDA:45,3,0,0
BRDA:45,3,1,0
BRDA:45,4,0,0
BRDA:45,4,1,0
BRDA:50,5,0,0
BRDA:50,5,1,0
BRDA:56,6,0,0
BRDA:56,6,1,0
BRDA:71,7,0,0
BRDA:71,7,1,0
BRDA:73,8,0,0
BRDA:73,8,1,0
BRDA:75,9,0,0
BRDA:75,9,1,0
BRDA:77,10,0,0
BRDA:77,10,1,0
BRDA:79,11,0,0
BRDA:79,11,1,0
BRDA:81,12,0,0
BRDA:81,12,1,0
BRF:26
BRH:3
end_of_record
TN:
SF:src/types.ts
FN:68,(anonymous_0)
FNF:1
FNH:1
FNDA:7,(anonymous_0)
DA:30,2
DA:31,2
DA:69,7
DA:70,7
LF:4
LH:4
BRF:0
BRH:0
end_of_record
TN:
SF:src/models/DoneWord.ts
FNF:0
FNH:0
DA:4,2
DA:10,2
LF:2
LH:2
BRF:0
BRH:0
end_of_record
TN:
SF:src/models/User.ts
FNF:0
FNH:0
DA:13,2
DA:20,2
LF:2
LH:2
BRF:0
BRH:0
end_of_record
TN:
SF:src/models/Word.ts
FNF:0
FNH:0
DA:4,1
DA:24,1
LF:2
LH:2
BRF:0
BRH:0
end_of_record
TN:
SF:src/models/Wordlist.ts
FNF:0
FNH:0
DA:4,2
DA:10,2
LF:2
LH:2
BRF:0
BRH:0
end_of_record
TN:
SF:src/routes/user.ts
FN:14,(anonymous_0)
FN:19,(anonymous_1)
FN:24,(anonymous_2)
FN:29,(anonymous_3)
FN:34,(anonymous_4)
FN:39,(anonymous_5)
FN:44,(anonymous_6)
FN:49,(anonymous_7)
FNF:8
FNH:0
FNDA:0,(anonymous_0)
FNDA:0,(anonymous_1)
FNDA:0,(anonymous_2)
FNDA:0,(anonymous_3)
FNDA:0,(anonymous_4)
FNDA:0,(anonymous_5)
FNDA:0,(anonymous_6)
FNDA:0,(anonymous_7)
DA:3,1
DA:9,1
DA:14,1
DA:15,0
DA:16,0
DA:19,1
DA:20,0
DA:21,0
DA:24,1
DA:25,0
DA:26,0
DA:29,1
DA:30,0
DA:31,0
DA:34,1
DA:35,0
DA:36,0
DA:39,1
DA:40,0
DA:41,0
DA:44,1
DA:45,0
DA:46,0
DA:49,1
DA:50,0
DA:51,0
LF:26
LH:10
BRF:0
BRH:0
end_of_record
TN:
SF:src/routes/wordlists.ts
FN:12,(anonymous_0)
FN:22,(anonymous_1)
FN:34,(anonymous_2)
FN:40,(anonymous_3)
FN:45,(anonymous_4)
FN:53,(anonymous_5)
FNF:6
FNH:0
FNDA:0,(anonymous_0)
FNDA:0,(anonymous_1)
FNDA:0,(anonymous_2)
FNDA:0,(anonymous_3)
FNDA:0,(anonymous_4)
FNDA:0,(anonymous_5)
DA:5,1
DA:7,1
DA:9,1
DA:13,0
DA:18,0
DA:22,1
DA:23,0
DA:28,0
DA:29,0
DA:31,0
DA:34,1
DA:36,0
DA:37,0
DA:40,1
DA:41,0
DA:42,0
DA:45,1
DA:46,0
DA:50,0
DA:53,1
DA:54,0
DA:58,0
LF:22
LH:8
BRDA:28,0,0,0
BRDA:28,0,1,0
BRF:2
BRH:0
end_of_record
TN:
SF:src/routes/words.ts
FN:21,(anonymous_0)
FN:56,(anonymous_1)
FN:61,(anonymous_2)
FN:67,(anonymous_3)
FNF:4
FNH:1
FNDA:1,(anonymous_0)
FNDA:0,(anonymous_1)
FNDA:0,(anonymous_2)
FNDA:0,(anonymous_3)
DA:2,1
DA:8,1
DA:21,1
DA:22,1
DA:23,1
DA:24,1
DA:25,1
DA:27,1
DA:28,0
DA:31,1
DA:32,0
DA:35,1
DA:36,1
DA:38,1
DA:39,0
DA:42,1
DA:44,0
DA:45,0
DA:46,1
DA:47,1
DA:48,1
DA:51,0
DA:56,1
DA:57,0
DA:58,0
DA:61,1
DA:62,0
DA:63,0
DA:64,0
DA:67,1
DA:68,0
DA:69,0
LF:32
LH:19
BRDA:27,0,0,0
BRDA:27,0,1,1
BRDA:31,1,0,0
BRDA:31,1,1,1
BRDA:31,2,0,1
BRDA:31,2,1,1
BRDA:38,3,0,0
BRDA:38,3,1,1
BRDA:38,4,0,1
BRDA:38,4,1,1
BRDA:42,5,0,0
BRDA:42,5,1,1
BRDA:42,6,0,1
BRDA:42,6,1,1
BRDA:46,7,0,1
BRDA:46,7,1,0
BRDA:46,8,0,1
BRDA:46,8,1,1
BRF:18
BRH:13
end_of_record
TN:
SF:src/services/user.ts
FN:20,(anonymous_0)
FN:24,(anonymous_1)
FN:39,(anonymous_2)
FN:54,(anonymous_3)
FN:66,(anonymous_4)
FN:78,(anonymous_5)
FN:111,(anonymous_6)
FN:122,(anonymous_7)
FN:140,(anonymous_8)
FN:152,(anonymous_9)
FN:163,(anonymous_10)
FN:191,(anonymous_11)
FNF:12
FNH:4
FNDA:1,(anonymous_0)
FNDA:5,(anonymous_1)
FNDA:6,(anonymous_2)
FNDA:2,(anonymous_3)
FNDA:0,(anonymous_4)
FNDA:0,(anonymous_5)
FNDA:0,(anonymous_6)
FNDA:0,(anonymous_7)
FNDA:0,(anonymous_8)
FNDA:0,(anonymous_9)
FNDA:0,(anonymous_10)
FNDA:0,(anonymous_11)
DA:20,2
DA:21,1
DA:24,2
DA:25,5
DA:26,1
DA:28,4
DA:32,2
DA:36,2
DA:39,2
DA:40,6
DA:41,1
DA:43,5
DA:47,3
DA:51,2
DA:54,2
DA:58,2
DA:63,0
DA:66,2
DA:67,0
DA:69,0
DA:71,0
DA:72,0
DA:73,0
DA:75,0
DA:78,2
DA:82,0
DA:83,0
DA:84,0
DA:85,0
DA:86,0
DA:88,0
DA:89,0
DA:92,0
DA:93,0
DA:94,0
DA:97,0
DA:98,0
DA:101,0
DA:108,0
DA:111,2
DA:112,0
DA:114,0
DA:116,0
DA:117,0
DA:119,0
DA:122,2
DA:123,0
DA:124,0
DA:127,0
DA:133,0
DA:134,0
DA:135,0
DA:137,0
DA:140,2
DA:141,0
DA:145,0
DA:146,0
DA:149,0
DA:152,2
DA:153,0
DA:154,0
DA:156,0
DA:157,0
DA:158,0
DA:160,0
DA:163,2
DA:168,0
DA:169,0
DA:171,0
DA:173,0
DA:174,0
DA:177,0
DA:178,0
DA:179,0
DA:181,0
DA:185,0
DA:186,0
DA:188,0
DA:191,2
DA:192,0
DA:193,0
DA:195,0
DA:199,0
DA:200,0
DA:202,0
DA:216,2
LF:86
LH:25
BRDA:25,0,0,1
BRDA:25,0,1,4
BRDA:25,1,0,5
BRDA:25,1,1,5
BRDA:28,2,0,2
BRDA:28,2,1,2
BRDA:29,3,0,4
BRDA:29,3,1,3
BRDA:40,4,0,1
BRDA:40,4,1,5
BRDA:40,5,0,6
BRDA:40,5,1,6
BRDA:43,6,0,3
BRDA:43,6,1,2
BRDA:44,7,0,5
BRDA:44,7,1,3
BRDA:72,8,0,0
BRDA:72,8,1,0
BRDA:85,9,0,0
BRDA:85,9,1,0
BRDA:88,10,0,0
BRDA:88,10,1,0
BRDA:93,11,0,0
BRDA:93,11,1,0
BRDA:116,12,0,0
BRDA:116,12,1,0
BRDA:123,13,0,0
BRDA:123,13,1,0
BRDA:134,14,0,0
BRDA:134,14,1,0
BRDA:145,15,0,0
BRDA:145,15,1,0
BRDA:153,16,0,0
BRDA:153,16,1,0
BRDA:157,17,0,0
BRDA:157,17,1,0
BRDA:173,18,0,0
BRDA:173,18,1,0
BRDA:173,19,0,0
BRDA:173,19,1,0
BRDA:178,20,0,0
BRDA:178,20,1,0
BRDA:185,21,0,0
BRDA:185,21,1,0
BRDA:192,22,0,0
BRDA:192,22,1,0
BRDA:199,23,0,0
BRDA:199,23,1,0
BRF:48
BRH:16
end_of_record
TN:
SF:src/services/wordlists.ts
FN:7,(anonymous_0)
FN:18,(anonymous_1)
FN:33,(anonymous_2)
FN:54,(anonymous_3)
FN:70,(anonymous_4)
FN:97,(anonymous_5)
FN:101,(anonymous_6)
FN:112,(anonymous_7)
FNF:8
FNH:0
FNDA:0,(anonymous_0)
FNDA:0,(anonymous_1)
FNDA:0,(anonymous_2)
FNDA:0,(anonymous_3)
FNDA:0,(anonymous_4)
FNDA:0,(anonymous_5)
FNDA:0,(anonymous_6)
FNDA:0,(anonymous_7)
DA:7,1
DA:9,0
DA:10,0
DA:12,0
DA:13,0
DA:15,0
DA:18,1
DA:19,0
DA:20,0
DA:22,0
DA:27,0
DA:28,0
DA:30,0
DA:33,1
DA:38,0
DA:39,0
DA:42,0
DA:47,0
DA:48,0
DA:51,0
DA:54,1
DA:55,0
DA:56,0
DA:59,0
DA:64,0
DA:65,0
DA:67,0
DA:70,1
DA:71,0
DA:76,0
DA:81,0
DA:82,0
DA:84,0
DA:85,0
DA:89,0
DA:90,0
DA:91,0
DA:92,0
DA:94,0
DA:97,1
DA:98,0
DA:101,1
DA:102,0
DA:103,0
DA:105,0
DA:108,0
DA:109,0
DA:112,0
DA:114,0
DA:116,0
DA:117,0
DA:120,0
DA:121,0
DA:125,0
DA:128,0
DA:135,0
LF:56
LH:7
BRDA:9,0,0,0
BRDA:9,0,1,0
BRDA:12,1,0,0
BRDA:12,1,1,0
BRDA:12,2,0,0
BRDA:12,2,1,0
BRDA:19,3,0,0
BRDA:19,3,1,0
BRDA:19,4,0,0
BRDA:19,4,1,0
BRDA:27,5,0,0
BRDA:27,5,1,0
BRDA:38,6,0,0
BRDA:38,6,1,0
BRDA:38,7,0,0
BRDA:38,7,1,0
BRDA:47,8,0,0
BRDA:47,8,1,0
BRDA:55,9,0,0
BRDA:55,9,1,0
BRDA:64,10,0,0
BRDA:64,10,1,0
BRDA:71,11,0,0
BRDA:71,11,1,0
BRDA:72,12,0,0
BRDA:72,12,1,0
BRDA:72,12,2,0
BRDA:84,13,0,0
BRDA:84,13,1,0
BRDA:91,14,0,0
BRDA:91,14,1,0
BRDA:102,15,0,0
BRDA:102,15,1,0
BRDA:108,16,0,0
BRDA:108,16,1,0
BRDA:120,17,0,0
BRDA:120,17,1,0
BRF:37
BRH:0
end_of_record
TN:
SF:src/services/words.ts
FN:6,(anonymous_0)
FN:20,(anonymous_1)
FN:29,(anonymous_2)
FN:34,(anonymous_3)
FNF:4
FNH:1
FNDA:0,(anonymous_0)
FNDA:1,(anonymous_1)
FNDA:0,(anonymous_2)
FNDA:0,(anonymous_3)
DA:6,1
DA:8,0
DA:9,0
DA:12,0
DA:14,0
DA:15,0
DA:17,0
DA:20,1
DA:21,1
DA:22,1
DA:23,0
DA:26,1
DA:29,1
DA:30,0
DA:31,0
DA:34,1
DA:35,0
DA:36,0
DA:39,0
DA:40,0
LF:20
LH:7
BRDA:8,0,0,0
BRDA:8,0,1,0
BRDA:14,1,0,0
BRDA:14,1,1,0
BRDA:22,2,0,0
BRDA:22,2,1,1
BRDA:22,3,0,1
BRDA:22,3,1,1
BRDA:35,4,0,0
BRDA:35,4,1,0
BRF:10
BRH:3
end_of_record
TN:
SF:src/utils/validators.ts
FN:3,(anonymous_0)
FN:7,(anonymous_1)
FN:13,(anonymous_2)
FN:17,(anonymous_3)
FN:21,(anonymous_4)
FNF:5
FNH:4
FNDA:16,(anonymous_0)
FNDA:0,(anonymous_1)
FNDA:1,(anonymous_2)
FNDA:1,(anonymous_3)
FNDA:1,(anonymous_4)
DA:3,2
DA:4,16
DA:7,2
DA:8,0
DA:13,2
DA:14,1
DA:17,2
DA:18,1
DA:21,2
DA:22,1
LF:10
LH:9
BRDA:4,0,0,16
BRDA:4,0,1,2
BRDA:14,1,0,1
BRDA:14,1,1,1
BRDA:18,2,0,1
BRDA:18,2,1,1
BRDA:22,3,0,1
BRDA:22,3,1,1
BRDA:22,3,2,0
BRF:9
BRH:8
end_of_record
